  [1m[35m (729.8ms)[0m  [1m[35mCREATE DATABASE "ninety_nine_cats_development" ENCODING = 'unicode'[0m
  ↳ bin/rails:9
  [1m[35m (108.8ms)[0m  [1m[35mCREATE DATABASE "ninety_nine_cats_test" ENCODING = 'unicode'[0m
  ↳ bin/rails:9
  [1m[35m (78.3ms)[0m  [1m[35mCREATE TABLE "schema_migrations" ("version" character varying NOT NULL PRIMARY KEY)[0m
  ↳ bin/rails:9
  [1m[35m (22.6ms)[0m  [1m[35mCREATE TABLE "ar_internal_metadata" ("key" character varying NOT NULL PRIMARY KEY, "value" character varying, "created_at" timestamp NOT NULL, "updated_at" timestamp NOT NULL)[0m
  ↳ bin/rails:9
  [1m[35m (0.4ms)[0m  [1m[34mSELECT pg_try_advisory_lock(723150122408807205)[0m
  ↳ bin/rails:9
  [1m[35m (0.7ms)[0m  [1m[34mSELECT "schema_migrations"."version" FROM "schema_migrations" ORDER BY "schema_migrations"."version" ASC[0m
  ↳ bin/rails:9
Migrating to CreateCats (20201030205457)
  [1m[35m (0.2ms)[0m  [1m[35mBEGIN[0m
  ↳ bin/rails:9
  [1m[35m (45.1ms)[0m  [1m[35mCREATE TABLE "cats" ("id" bigserial primary key, "birth_date" date NOT NULL, "color" character varying NOT NULL, "name" character varying NOT NULL, "sex" character varying(1), "description" text, "created_at" timestamp NOT NULL, "updated_at" timestamp NOT NULL)[0m
  ↳ db/migrate/20201030205457_create_cats.rb:3
  [1m[36mActiveRecord::SchemaMigration Create (1.1ms)[0m  [1m[32mINSERT INTO "schema_migrations" ("version") VALUES ($1) RETURNING "version"[0m  [["version", "20201030205457"]]
  ↳ bin/rails:9
  [1m[35m (6.1ms)[0m  [1m[35mCOMMIT[0m
  ↳ bin/rails:9
  [1m[36mActiveRecord::InternalMetadata Load (0.9ms)[0m  [1m[34mSELECT  "ar_internal_metadata".* FROM "ar_internal_metadata" WHERE "ar_internal_metadata"."key" = $1 LIMIT $2[0m  [["key", "environment"], ["LIMIT", 1]]
  ↳ bin/rails:9
  [1m[35m (0.1ms)[0m  [1m[35mBEGIN[0m
  ↳ bin/rails:9
  [1m[36mActiveRecord::InternalMetadata Create (1.2ms)[0m  [1m[32mINSERT INTO "ar_internal_metadata" ("key", "value", "created_at", "updated_at") VALUES ($1, $2, $3, $4) RETURNING "key"[0m  [["key", "environment"], ["value", "development"], ["created_at", "2020-10-30 21:03:32.625526"], ["updated_at", "2020-10-30 21:03:32.625526"]]
  ↳ bin/rails:9
  [1m[35m (6.6ms)[0m  [1m[35mCOMMIT[0m
  ↳ bin/rails:9
  [1m[35m (0.4ms)[0m  [1m[34mSELECT pg_advisory_unlock(723150122408807205)[0m
  ↳ bin/rails:9
  [1m[35m (0.3ms)[0m  [1m[34mSELECT "schema_migrations"."version" FROM "schema_migrations" ORDER BY "schema_migrations"."version" ASC[0m
  ↳ bin/rails:9
  [1m[35m (0.3ms)[0m  [1m[34mSELECT pg_try_advisory_lock(723150122408807205)[0m
  ↳ bin/rails:9
  [1m[35m (1.0ms)[0m  [1m[34mSELECT "schema_migrations"."version" FROM "schema_migrations" ORDER BY "schema_migrations"."version" ASC[0m
  ↳ bin/rails:9
Migrating to ChangeCatTable (20201030210500)
  [1m[35m (0.4ms)[0m  [1m[35mBEGIN[0m
  ↳ bin/rails:9
  [1m[35m (30.4ms)[0m  [1m[35mALTER TABLE "cats" DROP COLUMN "sex"[0m
  ↳ db/migrate/20201030210500_change_cat_table.rb:3
  [1m[35m (1.1ms)[0m  [1m[35mALTER TABLE "cats" ADD "sex" character varying(1) NOT NULL[0m
  ↳ db/migrate/20201030210500_change_cat_table.rb:4
  [1m[36mActiveRecord::SchemaMigration Create (1.4ms)[0m  [1m[32mINSERT INTO "schema_migrations" ("version") VALUES ($1) RETURNING "version"[0m  [["version", "20201030210500"]]
  ↳ bin/rails:9
  [1m[35m (16.0ms)[0m  [1m[35mCOMMIT[0m
  ↳ bin/rails:9
  [1m[36mActiveRecord::InternalMetadata Load (0.5ms)[0m  [1m[34mSELECT  "ar_internal_metadata".* FROM "ar_internal_metadata" WHERE "ar_internal_metadata"."key" = $1 LIMIT $2[0m  [["key", "environment"], ["LIMIT", 1]]
  ↳ bin/rails:9
  [1m[35m (0.1ms)[0m  [1m[35mBEGIN[0m
  ↳ bin/rails:9
  [1m[35m (0.1ms)[0m  [1m[35mCOMMIT[0m
  ↳ bin/rails:9
  [1m[35m (0.3ms)[0m  [1m[34mSELECT pg_advisory_unlock(723150122408807205)[0m
  ↳ bin/rails:9
  [1m[35m (4.9ms)[0m  [1m[34mSELECT "schema_migrations"."version" FROM "schema_migrations" ORDER BY "schema_migrations"."version" ASC[0m
  ↳ bin/rails:9
  [1m[35m (0.2ms)[0m  [1m[35mBEGIN[0m
  [1m[36mCat Create (26.7ms)[0m  [1m[32mINSERT INTO "cats" ("birth_date", "color", "name", "created_at", "updated_at", "sex") VALUES ($1, $2, $3, $4, $5, $6) RETURNING "id"[0m  [["birth_date", "2001-01-01"], ["color", "Orange"], ["name", "Nova"], ["created_at", "2020-10-30 21:34:15.987005"], ["updated_at", "2020-10-30 21:34:15.987005"], ["sex", "F"]]
  [1m[35m (7.4ms)[0m  [1m[35mCOMMIT[0m
  [1m[35m (0.2ms)[0m  [1m[35mBEGIN[0m
  [1m[36mCat Create (0.4ms)[0m  [1m[32mINSERT INTO "cats" ("birth_date", "color", "name", "created_at", "updated_at", "sex") VALUES ($1, $2, $3, $4, $5, $6) RETURNING "id"[0m  [["birth_date", "1991-01-01"], ["color", "Orange"], ["name", "Pippin"], ["created_at", "2020-10-30 21:34:58.085387"], ["updated_at", "2020-10-30 21:34:58.085387"], ["sex", "F"]]
  [1m[35m (7.4ms)[0m  [1m[35mCOMMIT[0m
  [1m[36mCat Load (1.0ms)[0m  [1m[34mSELECT "cats".* FROM "cats"[0m
  [1m[35m (0.2ms)[0m  [1m[35mBEGIN[0m
  [1m[36mCat Create (2.4ms)[0m  [1m[32mINSERT INTO "cats" ("birth_date", "color", "name", "created_at", "updated_at", "sex") VALUES ($1, $2, $3, $4, $5, $6) RETURNING "id"[0m  [["birth_date", "1991-11-01"], ["color", "Orange"], ["name", "age_test_cat"], ["created_at", "2020-10-30 21:35:48.061162"], ["updated_at", "2020-10-30 21:35:48.061162"], ["sex", "F"]]
  [1m[35m (7.8ms)[0m  [1m[35mCOMMIT[0m
  [1m[36mCat Load (5.4ms)[0m  [1m[34mSELECT  "cats".* FROM "cats" ORDER BY "cats"."id" DESC LIMIT $1[0m  [["LIMIT", 1]]
  [1m[36mCat Load (0.7ms)[0m  [1m[34mSELECT  "cats".* FROM "cats" ORDER BY "cats"."id" DESC LIMIT $1[0m  [["LIMIT", 1]]
  [1m[36mCat Load (3.2ms)[0m  [1m[34mSELECT  "cats".* FROM "cats" ORDER BY "cats"."id" DESC LIMIT $1[0m  [["LIMIT", 1]]
  [1m[36mCat Load (7.1ms)[0m  [1m[34mSELECT  "cats".* FROM "cats" ORDER BY "cats"."id" DESC LIMIT $1[0m  [["LIMIT", 1]]
  [1m[36mCat Load (0.7ms)[0m  [1m[34mSELECT  "cats".* FROM "cats" ORDER BY "cats"."id" DESC LIMIT $1[0m  [["LIMIT", 1]]
  [1m[36mCat Load (0.3ms)[0m  [1m[34mSELECT  "cats".* FROM "cats" ORDER BY "cats"."id" DESC LIMIT $1[0m  [["LIMIT", 1]]
  [1m[36mCat Load (6.9ms)[0m  [1m[34mSELECT  "cats".* FROM "cats" ORDER BY "cats"."id" DESC LIMIT $1[0m  [["LIMIT", 1]]
  [1m[36mCat Load (0.3ms)[0m  [1m[34mSELECT  "cats".* FROM "cats" ORDER BY "cats"."id" DESC LIMIT $1[0m  [["LIMIT", 1]]
  [1m[36mCat Load (1.6ms)[0m  [1m[34mSELECT  "cats".* FROM "cats" ORDER BY "cats"."id" DESC LIMIT $1[0m  [["LIMIT", 1]]
  [1m[36mCat Load (0.3ms)[0m  [1m[34mSELECT  "cats".* FROM "cats" ORDER BY "cats"."id" DESC LIMIT $1[0m  [["LIMIT", 1]]
Started GET "/" for 127.0.0.1 at 2020-10-30 15:13:09 -0700
  [1m[35m (1.3ms)[0m  [1m[34mSELECT "schema_migrations"."version" FROM "schema_migrations" ORDER BY "schema_migrations"."version" ASC[0m
  ↳ /Users/joshuabubar/.rbenv/versions/2.5.1/lib/ruby/gems/2.5.0/gems/activerecord-5.2.4.4/lib/active_record/log_subscriber.rb:98
Processing by Rails::WelcomeController#index as HTML
  Rendering /Users/joshuabubar/.rbenv/versions/2.5.1/lib/ruby/gems/2.5.0/gems/railties-5.2.4.4/lib/rails/templates/rails/welcome/index.html.erb
  Rendered /Users/joshuabubar/.rbenv/versions/2.5.1/lib/ruby/gems/2.5.0/gems/railties-5.2.4.4/lib/rails/templates/rails/welcome/index.html.erb (5.1ms)
Completed 200 OK in 48ms (Views: 26.3ms | ActiveRecord: 0.0ms)


Started GET "/cats" for 127.0.0.1 at 2020-10-30 15:13:30 -0700
Processing by CatsController#index as */*
  Rendering cats/index.html.erb within layouts/application
  [1m[36mCat Load (38.8ms)[0m  [1m[34mSELECT "cats".* FROM "cats"[0m
  ↳ app/views/cats/index.html.erb:4
  Rendered cats/_cat.html.erb (207.8ms)
  Rendered cats/index.html.erb within layouts/application (552.2ms)
Completed 500 Internal Server Error in 697ms (ActiveRecord: 206.8ms)



NoMethodError - undefined method `user_url' for #<#<Class:0x00007fbce5b1e168>:0x00007fbce5b17688>:
  app/views/cats/_cat.html.erb:4:in `_app_views_cats__cat_html_erb__982684857097085770_70224665702180'
  app/views/cats/index.html.erb:6:in `block in _app_views_cats_index_html_erb___2356476690812013186_70224642090360'
  app/views/cats/index.html.erb:4:in `_app_views_cats_index_html_erb___2356476690812013186_70224642090360'
  app/controllers/cats_controller.rb:6:in `index'

Started GET "/cats" for 127.0.0.1 at 2020-10-30 15:15:05 -0700
  [1m[35m (1.0ms)[0m  [1m[34mSELECT "schema_migrations"."version" FROM "schema_migrations" ORDER BY "schema_migrations"."version" ASC[0m
  ↳ /Users/joshuabubar/.rbenv/versions/2.5.1/lib/ruby/gems/2.5.0/gems/activerecord-5.2.4.4/lib/active_record/log_subscriber.rb:98
Processing by CatsController#index as */*
  Rendering cats/index.html.erb within layouts/application
  [1m[36mCat Load (1.1ms)[0m  [1m[34mSELECT "cats".* FROM "cats"[0m
  ↳ app/views/cats/index.html.erb:4
  Rendered cats/_cat.html.erb (241.0ms)
  Rendered cats/index.html.erb within layouts/application (352.2ms)
Completed 500 Internal Server Error in 442ms (ActiveRecord: 8.2ms)



NoMethodError - undefined method `user_url' for #<#<Class:0x00007f93c7fdab30>:0x00007f93c7fb9c78>:
  app/views/cats/_cat.html.erb:4:in `_app_views_cats__cat_html_erb___767353862091273604_70136367567880'
  app/views/cats/index.html.erb:6:in `block in _app_views_cats_index_html_erb__268465075294187567_70136346173000'
  app/views/cats/index.html.erb:4:in `_app_views_cats_index_html_erb__268465075294187567_70136346173000'
  app/controllers/cats_controller.rb:6:in `index'

Started GET "/cats" for ::1 at 2020-10-30 15:15:39 -0700
Processing by CatsController#index as HTML
  Rendering cats/index.html.erb within layouts/application
  [1m[36mCat Load (23.8ms)[0m  [1m[34mSELECT "cats".* FROM "cats"[0m
  ↳ app/views/cats/index.html.erb:4
  Rendered cats/_cat.html.erb (2.2ms)
  Rendered cats/index.html.erb within layouts/application (44.0ms)
Completed 500 Internal Server Error in 93ms (ActiveRecord: 23.8ms)



SyntaxError - syntax error, unexpected keyword_ensure, expecting keyword_end
          ensure
          ^~~~~~
/Users/joshuabubar/aA/w6d5/ninety_nine_cats/app/views/cats/_cat.html.erb:17: syntax error, unexpected end-of-input, expecting keyword_end
          end
             ^:
  app/views/cats/_cat.html.erb:15:in `'
  app/views/cats/index.html.erb:6:in `block in _app_views_cats_index_html_erb__268465075294187567_70136330291840'
  app/views/cats/index.html.erb:4:in `_app_views_cats_index_html_erb__268465075294187567_70136330291840'
  app/controllers/cats_controller.rb:6:in `index'

Started POST "/__better_errors/40d00759607e4e9a/variables" for ::1 at 2020-10-30 15:15:40 -0700
Started GET "/cats" for ::1 at 2020-10-30 15:16:04 -0700
  [1m[35m (0.8ms)[0m  [1m[34mSELECT "schema_migrations"."version" FROM "schema_migrations" ORDER BY "schema_migrations"."version" ASC[0m
  ↳ /Users/joshuabubar/.rbenv/versions/2.5.1/lib/ruby/gems/2.5.0/gems/activerecord-5.2.4.4/lib/active_record/log_subscriber.rb:98
Processing by CatsController#index as HTML
  Rendering cats/index.html.erb within layouts/application
  [1m[36mCat Load (16.0ms)[0m  [1m[34mSELECT "cats".* FROM "cats"[0m
  ↳ app/views/cats/index.html.erb:4
  Rendered cats/_cat.html.erb (23.7ms)
  Rendered cats/_cat.html.erb (0.7ms)
  Rendered cats/_cat.html.erb (0.3ms)
  Rendered cats/index.html.erb within layouts/application (115.0ms)
Completed 200 OK in 3578ms (Views: 3519.8ms | ActiveRecord: 38.1ms)


Started GET "/cats" for 127.0.0.1 at 2020-10-30 15:16:24 -0700
  [1m[35m (0.8ms)[0m  [1m[34mSELECT "schema_migrations"."version" FROM "schema_migrations" ORDER BY "schema_migrations"."version" ASC[0m
  ↳ /Users/joshuabubar/.rbenv/versions/2.5.1/lib/ruby/gems/2.5.0/gems/activerecord-5.2.4.4/lib/active_record/log_subscriber.rb:98
Processing by CatsController#index as */*
  Rendering cats/index.html.erb within layouts/application
  [1m[36mCat Load (15.1ms)[0m  [1m[34mSELECT "cats".* FROM "cats"[0m
  ↳ app/views/cats/index.html.erb:4
  Rendered cats/_cat.html.erb (19.5ms)
  Rendered cats/_cat.html.erb (0.8ms)
  Rendered cats/_cat.html.erb (0.4ms)
  Rendered cats/index.html.erb within layouts/application (309.4ms)
Completed 200 OK in 849ms (Views: 792.9ms | ActiveRecord: 31.6ms)


Started GET "/cats" for 127.0.0.1 at 2020-10-30 15:16:49 -0700
Processing by CatsController#index as HTML
  Rendering cats/index.html.erb within layouts/application
  [1m[36mCat Load (1.1ms)[0m  [1m[34mSELECT "cats".* FROM "cats"[0m
  ↳ app/views/cats/index.html.erb:4
  Rendered cats/_cat.html.erb (1.1ms)
  Rendered cats/_cat.html.erb (0.3ms)
  Rendered cats/_cat.html.erb (0.7ms)
  Rendered cats/index.html.erb within layouts/application (39.1ms)
Completed 200 OK in 93ms (Views: 91.7ms | ActiveRecord: 1.1ms)


Started GET "/cats/1" for 127.0.0.1 at 2020-10-30 15:17:06 -0700
Processing by CatsController#show as HTML
  Parameters: {"id"=>"1"}
  [1m[36mCat Load (18.5ms)[0m  [1m[34mSELECT  "cats".* FROM "cats" WHERE "cats"."id" = $1 LIMIT $2[0m  [["id", 1], ["LIMIT", 1]]
  ↳ app/controllers/cats_controller.rb:10
  Rendering cats/show.html.erb within layouts/application
  Rendered cats/_cat.html.erb (1.5ms)
  Rendered cats/show.html.erb within layouts/application (7.1ms)
Completed 200 OK in 139ms (Views: 95.5ms | ActiveRecord: 19.6ms)


Started GET "/cats" for 127.0.0.1 at 2020-10-30 15:18:16 -0700
  [1m[35m (0.9ms)[0m  [1m[34mSELECT "schema_migrations"."version" FROM "schema_migrations" ORDER BY "schema_migrations"."version" ASC[0m
  ↳ /Users/joshuabubar/.rbenv/versions/2.5.1/lib/ruby/gems/2.5.0/gems/activerecord-5.2.4.4/lib/active_record/log_subscriber.rb:98
Processing by CatsController#index as HTML
  Rendering cats/index.html.erb within layouts/application
  [1m[36mCat Load (2.2ms)[0m  [1m[34mSELECT "cats".* FROM "cats"[0m
  ↳ app/views/cats/index.html.erb:4
  Rendered cats/_cat.html.erb (3.0ms)
  Rendered cats/_cat.html.erb (0.8ms)
  Rendered cats/_cat.html.erb (0.7ms)
  Rendered cats/index.html.erb within layouts/application (79.4ms)
Completed 200 OK in 448ms (Views: 385.7ms | ActiveRecord: 26.5ms)


Started GET "/cats/1" for 127.0.0.1 at 2020-10-30 15:18:18 -0700
Processing by CatsController#show as HTML
  Parameters: {"id"=>"1"}
  [1m[36mCat Load (0.5ms)[0m  [1m[34mSELECT  "cats".* FROM "cats" WHERE "cats"."id" = $1 LIMIT $2[0m  [["id", 1], ["LIMIT", 1]]
  ↳ app/controllers/cats_controller.rb:10
  Rendering cats/show.html.erb within layouts/application
  Rendered cats/_cat.html.erb (1.4ms)
  Rendered cats/show.html.erb within layouts/application (8.6ms)
Completed 200 OK in 76ms (Views: 64.3ms | ActiveRecord: 7.1ms)


Started GET "/cats" for 127.0.0.1 at 2020-10-30 15:18:20 -0700
Processing by CatsController#index as HTML
  Rendering cats/index.html.erb within layouts/application
  [1m[36mCat Load (2.9ms)[0m  [1m[34mSELECT "cats".* FROM "cats"[0m
  ↳ app/views/cats/index.html.erb:4
  Rendered cats/_cat.html.erb (0.8ms)
  Rendered cats/_cat.html.erb (1.5ms)
  Rendered cats/_cat.html.erb (0.5ms)
  Rendered cats/index.html.erb within layouts/application (32.9ms)
Completed 200 OK in 107ms (Views: 103.3ms | ActiveRecord: 2.9ms)


Started GET "/cats/1" for 127.0.0.1 at 2020-10-30 15:18:21 -0700
Processing by CatsController#show as HTML
  Parameters: {"id"=>"1"}
  [1m[36mCat Load (0.5ms)[0m  [1m[34mSELECT  "cats".* FROM "cats" WHERE "cats"."id" = $1 LIMIT $2[0m  [["id", 1], ["LIMIT", 1]]
  ↳ app/controllers/cats_controller.rb:10
  Rendering cats/show.html.erb within layouts/application
  Rendered cats/_cat.html.erb (1.2ms)
  Rendered cats/show.html.erb within layouts/application (9.7ms)
Completed 200 OK in 107ms (Views: 105.2ms | ActiveRecord: 0.5ms)


Started GET "/cats" for 127.0.0.1 at 2020-10-30 15:18:22 -0700
Processing by CatsController#index as HTML
  Rendering cats/index.html.erb within layouts/application
  [1m[36mCat Load (4.3ms)[0m  [1m[34mSELECT "cats".* FROM "cats"[0m
  ↳ app/views/cats/index.html.erb:4
  Rendered cats/_cat.html.erb (1.4ms)
  Rendered cats/_cat.html.erb (1.1ms)
  Rendered cats/_cat.html.erb (0.4ms)
  Rendered cats/index.html.erb within layouts/application (31.1ms)
Completed 200 OK in 80ms (Views: 74.8ms | ActiveRecord: 4.3ms)


Started GET "/cats/1" for 127.0.0.1 at 2020-10-30 15:18:22 -0700
Processing by CatsController#show as HTML
  Parameters: {"id"=>"1"}
  [1m[36mCat Load (0.5ms)[0m  [1m[34mSELECT  "cats".* FROM "cats" WHERE "cats"."id" = $1 LIMIT $2[0m  [["id", 1], ["LIMIT", 1]]
  ↳ app/controllers/cats_controller.rb:10
  Rendering cats/show.html.erb within layouts/application
  Rendered cats/_cat.html.erb (2.5ms)
  Rendered cats/show.html.erb within layouts/application (6.6ms)
Completed 200 OK in 66ms (Views: 64.0ms | ActiveRecord: 0.5ms)


Started GET "/cats" for 127.0.0.1 at 2020-10-30 15:18:22 -0700
Processing by CatsController#index as HTML
  Rendering cats/index.html.erb within layouts/application
  [1m[36mCat Load (4.6ms)[0m  [1m[34mSELECT "cats".* FROM "cats"[0m
  ↳ app/views/cats/index.html.erb:4
  Rendered cats/_cat.html.erb (2.5ms)
  Rendered cats/_cat.html.erb (0.6ms)
  Rendered cats/_cat.html.erb (0.5ms)
  Rendered cats/index.html.erb within layouts/application (30.8ms)
Started GET "/cats/1" for 127.0.0.1 at 2020-10-30 15:18:22 -0700
Completed 200 OK in 105ms (Views: 99.8ms | ActiveRecord: 4.6ms)


Processing by CatsController#show as HTML
  Parameters: {"id"=>"1"}
  [1m[36mCat Load (0.9ms)[0m  [1m[34mSELECT  "cats".* FROM "cats" WHERE "cats"."id" = $1 LIMIT $2[0m  [["id", 1], ["LIMIT", 1]]
  ↳ app/controllers/cats_controller.rb:10
  Rendering cats/show.html.erb within layouts/application
  Rendered cats/_cat.html.erb (1.1ms)
  Rendered cats/show.html.erb within layouts/application (4.3ms)
Completed 200 OK in 111ms (Views: 99.4ms | ActiveRecord: 6.0ms)


Started GET "/cats" for 127.0.0.1 at 2020-10-30 15:18:23 -0700
Processing by CatsController#index as HTML
  Rendering cats/index.html.erb within layouts/application
  [1m[36mCat Load (0.5ms)[0m  [1m[34mSELECT "cats".* FROM "cats"[0m
  ↳ app/views/cats/index.html.erb:4
  Rendered cats/_cat.html.erb (1.0ms)
  Rendered cats/_cat.html.erb (0.5ms)
  Rendered cats/_cat.html.erb (1.0ms)
  Rendered cats/index.html.erb within layouts/application (23.3ms)
Completed 200 OK in 78ms (Views: 76.6ms | ActiveRecord: 0.5ms)


Started GET "/cats/1" for 127.0.0.1 at 2020-10-30 15:18:23 -0700
Processing by CatsController#show as HTML
  Parameters: {"id"=>"1"}
  [1m[36mCat Load (1.1ms)[0m  [1m[34mSELECT  "cats".* FROM "cats" WHERE "cats"."id" = $1 LIMIT $2[0m  [["id", 1], ["LIMIT", 1]]
  ↳ app/controllers/cats_controller.rb:10
  Rendering cats/show.html.erb within layouts/application
  Rendered cats/_cat.html.erb (1.7ms)
  Rendered cats/show.html.erb within layouts/application (7.1ms)
Completed 200 OK in 66ms (Views: 62.1ms | ActiveRecord: 1.1ms)


Started GET "/cats" for 127.0.0.1 at 2020-10-30 15:18:23 -0700
Processing by CatsController#index as HTML
  Rendering cats/index.html.erb within layouts/application
  [1m[36mCat Load (2.1ms)[0m  [1m[34mSELECT "cats".* FROM "cats"[0m
  ↳ app/views/cats/index.html.erb:4
  Rendered cats/_cat.html.erb (3.5ms)
  Rendered cats/_cat.html.erb (1.6ms)
  Rendered cats/_cat.html.erb (0.4ms)
  Rendered cats/index.html.erb within layouts/application (28.6ms)
Started GET "/cats/1" for 127.0.0.1 at 2020-10-30 15:18:23 -0700
Processing by CatsController#show as HTML
  Parameters: {"id"=>"1"}
  [1m[36mCat Load (1.5ms)[0m  [1m[34mSELECT  "cats".* FROM "cats" WHERE "cats"."id" = $1 LIMIT $2[0m  [["id", 1], ["LIMIT", 1]]
  ↳ app/controllers/cats_controller.rb:10
  Rendering cats/show.html.erb within layouts/application
  Rendered cats/_cat.html.erb (4.8ms)
  Rendered cats/show.html.erb within layouts/application (12.9ms)
Completed 200 OK in 172ms (Views: 168.9ms | ActiveRecord: 2.1ms)


Completed 200 OK in 90ms (Views: 86.9ms | ActiveRecord: 1.5ms)


Started GET "/cats" for 127.0.0.1 at 2020-10-30 15:18:24 -0700
Processing by CatsController#index as HTML
  Rendering cats/index.html.erb within layouts/application
  [1m[36mCat Load (0.3ms)[0m  [1m[34mSELECT "cats".* FROM "cats"[0m
  ↳ app/views/cats/index.html.erb:4
  Rendered cats/_cat.html.erb (2.7ms)
  Rendered cats/_cat.html.erb (0.9ms)
  Rendered cats/_cat.html.erb (0.7ms)
  Rendered cats/index.html.erb within layouts/application (17.9ms)
Completed 200 OK in 51ms (Views: 50.2ms | ActiveRecord: 0.3ms)


Started GET "/cats" for 127.0.0.1 at 2020-10-30 15:23:54 -0700
Processing by CatsController#index as HTML
  Rendering cats/index.html.erb within layouts/application
  [1m[36mCat Load (20.5ms)[0m  [1m[34mSELECT "cats".* FROM "cats"[0m
  ↳ app/views/cats/index.html.erb:4
  Rendered cats/_cat.html.erb (9.5ms)
  Rendered cats/_cat.html.erb (1.7ms)
  Rendered cats/_cat.html.erb (1.1ms)
  Rendered cats/index.html.erb within layouts/application (63.5ms)
Completed 200 OK in 224ms (Views: 197.6ms | ActiveRecord: 20.5ms)


Started GET "/cats" for ::1 at 2020-10-30 15:24:10 -0700
Processing by CatsController#index as HTML
  Rendering cats/index.html.erb within layouts/application
  [1m[36mCat Load (10.0ms)[0m  [1m[34mSELECT "cats".* FROM "cats"[0m
  ↳ app/views/cats/index.html.erb:4
  Rendered cats/_cat.html.erb (1.7ms)
  Rendered cats/_cat.html.erb (1.0ms)
  Rendered cats/_cat.html.erb (1.5ms)
  Rendered cats/index.html.erb within layouts/application (31.2ms)
Completed 200 OK in 135ms (Views: 124.4ms | ActiveRecord: 10.0ms)


Started GET "/cats/1" for ::1 at 2020-10-30 15:24:17 -0700
Processing by CatsController#show as HTML
  Parameters: {"id"=>"1"}
  [1m[36mCat Load (0.9ms)[0m  [1m[34mSELECT  "cats".* FROM "cats" WHERE "cats"."id" = $1 LIMIT $2[0m  [["id", 1], ["LIMIT", 1]]
  ↳ app/controllers/cats_controller.rb:10
  Rendering cats/show.html.erb within layouts/application
  Rendered cats/_cat.html.erb (2.1ms)
  Rendered cats/show.html.erb within layouts/application (9.6ms)
Completed 200 OK in 93ms (Views: 77.2ms | ActiveRecord: 1.8ms)


Started GET "/cats" for 127.0.0.1 at 2020-10-30 15:24:25 -0700
Processing by CatsController#index as HTML
  Rendering cats/index.html.erb within layouts/application
  [1m[36mCat Load (44.2ms)[0m  [1m[34mSELECT "cats".* FROM "cats"[0m
  ↳ app/views/cats/index.html.erb:4
  Rendered cats/_cat.html.erb (4.8ms)
  Rendered cats/_cat.html.erb (0.6ms)
  Rendered cats/_cat.html.erb (0.6ms)
  Rendered cats/index.html.erb within layouts/application (80.7ms)
Completed 200 OK in 183ms (Views: 136.9ms | ActiveRecord: 44.2ms)


Started GET "/cats/1" for ::1 at 2020-10-30 15:24:29 -0700
Processing by CatsController#show as HTML
  Parameters: {"id"=>"1"}
  [1m[36mCat Load (1.1ms)[0m  [1m[34mSELECT  "cats".* FROM "cats" WHERE "cats"."id" = $1 LIMIT $2[0m  [["id", 1], ["LIMIT", 1]]
  ↳ app/controllers/cats_controller.rb:10
  Rendering cats/show.html.erb within layouts/application
  Rendered cats/_cat.html.erb (3.6ms)
  Rendered cats/show.html.erb within layouts/application (13.3ms)
Completed 200 OK in 85ms (Views: 79.3ms | ActiveRecord: 1.1ms)


Started GET "/cats/1" for 127.0.0.1 at 2020-10-30 15:24:36 -0700
Processing by CatsController#show as HTML
  Parameters: {"id"=>"1"}
  [1m[36mCat Load (4.7ms)[0m  [1m[34mSELECT  "cats".* FROM "cats" WHERE "cats"."id" = $1 LIMIT $2[0m  [["id", 1], ["LIMIT", 1]]
  ↳ app/controllers/cats_controller.rb:10
  Rendering cats/show.html.erb within layouts/application
  Rendered cats/_cat.html.erb (0.9ms)
  Rendered cats/show.html.erb within layouts/application (12.1ms)
Completed 200 OK in 143ms (Views: 137.2ms | ActiveRecord: 4.7ms)


Started GET "/cats" for 127.0.0.1 at 2020-10-30 15:25:54 -0700
Processing by CatsController#index as HTML
  Rendering cats/index.html.erb within layouts/application
  [1m[36mCat Load (45.3ms)[0m  [1m[34mSELECT "cats".* FROM "cats"[0m
  ↳ app/views/cats/index.html.erb:4
  Rendered cats/_cat.html.erb (4.8ms)
  Rendered cats/_cat.html.erb (0.5ms)
  Rendered cats/_cat.html.erb (1.0ms)
  Rendered cats/index.html.erb within layouts/application (84.2ms)
Completed 200 OK in 209ms (Views: 163.4ms | ActiveRecord: 45.3ms)


Started GET "/cats/3" for 127.0.0.1 at 2020-10-30 15:26:00 -0700
Processing by CatsController#show as HTML
  Parameters: {"id"=>"3"}
  [1m[36mCat Load (1.2ms)[0m  [1m[34mSELECT  "cats".* FROM "cats" WHERE "cats"."id" = $1 LIMIT $2[0m  [["id", 3], ["LIMIT", 1]]
  ↳ app/controllers/cats_controller.rb:10
  Rendering cats/show.html.erb within layouts/application
  Rendered cats/_cat.html.erb (5.1ms)
  Rendered cats/show.html.erb within layouts/application (13.8ms)
Completed 200 OK in 87ms (Views: 83.7ms | ActiveRecord: 1.2ms)


Started GET "/cats/3" for 127.0.0.1 at 2020-10-30 15:26:09 -0700
Processing by CatsController#show as HTML
  Parameters: {"id"=>"3"}
  [1m[36mCat Load (4.6ms)[0m  [1m[34mSELECT  "cats".* FROM "cats" WHERE "cats"."id" = $1 LIMIT $2[0m  [["id", 3], ["LIMIT", 1]]
  ↳ app/controllers/cats_controller.rb:10
  Rendering cats/show.html.erb within layouts/application
  Rendered cats/_cat.html.erb (4.3ms)
  Rendered cats/show.html.erb within layouts/application (13.9ms)
Completed 200 OK in 97ms (Views: 90.6ms | ActiveRecord: 4.6ms)


Started GET "/cats" for 127.0.0.1 at 2020-10-30 15:26:24 -0700
Processing by CatsController#index as HTML
  Rendering cats/index.html.erb within layouts/application
  [1m[36mCat Load (1.7ms)[0m  [1m[34mSELECT "cats".* FROM "cats"[0m
  ↳ app/views/cats/index.html.erb:4
  Rendered cats/_cat.html.erb (7.2ms)
  Rendered cats/_cat.html.erb (1.0ms)
  Rendered cats/_cat.html.erb (6.2ms)
  Rendered cats/index.html.erb within layouts/application (52.5ms)
Completed 200 OK in 150ms (Views: 148.0ms | ActiveRecord: 1.7ms)


Started GET "/cats/2" for 127.0.0.1 at 2020-10-30 15:26:26 -0700
Processing by CatsController#show as HTML
  Parameters: {"id"=>"2"}
  [1m[36mCat Load (1.0ms)[0m  [1m[34mSELECT  "cats".* FROM "cats" WHERE "cats"."id" = $1 LIMIT $2[0m  [["id", 2], ["LIMIT", 1]]
  ↳ app/controllers/cats_controller.rb:10
  Rendering cats/show.html.erb within layouts/application
  Rendered cats/_cat.html.erb (1.8ms)
  Rendered cats/show.html.erb within layouts/application (7.9ms)
Completed 200 OK in 82ms (Views: 79.8ms | ActiveRecord: 1.0ms)


Started GET "/cats/2" for 127.0.0.1 at 2020-10-30 15:26:53 -0700
Processing by CatsController#show as HTML
  Parameters: {"id"=>"2"}
  [1m[36mCat Load (0.6ms)[0m  [1m[34mSELECT  "cats".* FROM "cats" WHERE "cats"."id" = $1 LIMIT $2[0m  [["id", 2], ["LIMIT", 1]]
  ↳ app/controllers/cats_controller.rb:10
  Rendering cats/show.html.erb within layouts/application
  Rendered cats/_cat.html.erb (2.5ms)
  Rendered cats/show.html.erb within layouts/application (11.1ms)
Completed 200 OK in 70ms (Views: 67.7ms | ActiveRecord: 0.6ms)


Started GET "/cats" for 127.0.0.1 at 2020-10-30 15:26:57 -0700
Processing by CatsController#index as HTML
  Rendering cats/index.html.erb within layouts/application
  [1m[36mCat Load (0.4ms)[0m  [1m[34mSELECT "cats".* FROM "cats"[0m
  ↳ app/views/cats/index.html.erb:4
  Rendered cats/_cat.html.erb (1.2ms)
  Rendered cats/_cat.html.erb (0.5ms)
  Rendered cats/_cat.html.erb (2.0ms)
  Rendered cats/index.html.erb within layouts/application (21.4ms)
Completed 200 OK in 85ms (Views: 83.8ms | ActiveRecord: 0.4ms)


Started GET "/cats/1" for 127.0.0.1 at 2020-10-30 15:26:59 -0700
Processing by CatsController#show as HTML
  Parameters: {"id"=>"1"}
  [1m[36mCat Load (3.3ms)[0m  [1m[34mSELECT  "cats".* FROM "cats" WHERE "cats"."id" = $1 LIMIT $2[0m  [["id", 1], ["LIMIT", 1]]
  ↳ app/controllers/cats_controller.rb:10
  Rendering cats/show.html.erb within layouts/application
  Rendered cats/_cat.html.erb (1.2ms)
  Rendered cats/show.html.erb within layouts/application (13.5ms)
Completed 200 OK in 74ms (Views: 68.1ms | ActiveRecord: 3.3ms)


Started GET "/cats" for 127.0.0.1 at 2020-10-30 15:27:00 -0700
Processing by CatsController#index as HTML
  Rendering cats/index.html.erb within layouts/application
  [1m[36mCat Load (9.8ms)[0m  [1m[34mSELECT "cats".* FROM "cats"[0m
  ↳ app/views/cats/index.html.erb:4
  Rendered cats/_cat.html.erb (4.5ms)
  Rendered cats/_cat.html.erb (1.1ms)
  Rendered cats/_cat.html.erb (0.5ms)
  Rendered cats/index.html.erb within layouts/application (35.2ms)
Completed 200 OK in 89ms (Views: 78.7ms | ActiveRecord: 9.8ms)


Started GET "/cats/3" for 127.0.0.1 at 2020-10-30 15:27:01 -0700
Processing by CatsController#show as HTML
  Parameters: {"id"=>"3"}
  [1m[36mCat Load (2.3ms)[0m  [1m[34mSELECT  "cats".* FROM "cats" WHERE "cats"."id" = $1 LIMIT $2[0m  [["id", 3], ["LIMIT", 1]]
  ↳ app/controllers/cats_controller.rb:10
  Rendering cats/show.html.erb within layouts/application
  Rendered cats/_cat.html.erb (0.9ms)
  Rendered cats/show.html.erb within layouts/application (4.9ms)
Completed 200 OK in 74ms (Views: 69.4ms | ActiveRecord: 2.3ms)


Started GET "/cats/3" for 127.0.0.1 at 2020-10-30 16:42:20 -0700
  [1m[35m (1.5ms)[0m  [1m[34mSELECT "schema_migrations"."version" FROM "schema_migrations" ORDER BY "schema_migrations"."version" ASC[0m
  ↳ /Users/joshuabubar/.rbenv/versions/2.5.1/lib/ruby/gems/2.5.0/gems/activerecord-5.2.4.4/lib/active_record/log_subscriber.rb:98
Processing by CatsController#show as HTML
  Parameters: {"id"=>"3"}
  [1m[36mCat Load (0.8ms)[0m  [1m[34mSELECT  "cats".* FROM "cats" WHERE "cats"."id" = $1 LIMIT $2[0m  [["id", 3], ["LIMIT", 1]]
  ↳ app/controllers/cats_controller.rb:10
  Rendering cats/show.html.erb within layouts/application
  Rendered cats/_cat.html.erb (13.4ms)
  Rendered cats/show.html.erb within layouts/application (22.0ms)
Completed 200 OK in 610ms (Views: 515.2ms | ActiveRecord: 11.5ms)


Started GET "/cats" for 127.0.0.1 at 2020-10-30 16:42:23 -0700
Processing by CatsController#index as HTML
  Rendering cats/index.html.erb within layouts/application
  [1m[36mCat Load (0.3ms)[0m  [1m[34mSELECT "cats".* FROM "cats"[0m
  ↳ app/views/cats/index.html.erb:4
  Rendered cats/_cat.html.erb (2.1ms)
  Rendered cats/_cat.html.erb (0.4ms)
  Rendered cats/_cat.html.erb (0.5ms)
  Rendered cats/index.html.erb within layouts/application (18.1ms)
Completed 200 OK in 63ms (Views: 62.3ms | ActiveRecord: 0.3ms)


Started GET "/cats/new" for 127.0.0.1 at 2020-10-30 16:42:34 -0700
Processing by CatsController#new as HTML
  Rendering cats/new.html.erb within layouts/application
  Rendered cats/_form.html.erb (0.7ms)
  Rendered cats/new.html.erb within layouts/application (14.7ms)
Completed 200 OK in 78ms (Views: 77.8ms | ActiveRecord: 0.0ms)


Started POST "/cats" for 127.0.0.1 at 2020-10-30 16:43:09 -0700
Processing by CatsController#create as HTML
  Parameters: {"cat"=>{"name"=>"miles", "birth_date"=>"2023-06-08", "color"=>"Brown", "sex"=>"M", "desciption"=>"very energetic and quick; can run a mile faster than Josh"}}
Unpermitted parameter: :desciption
  [1m[35m (10.7ms)[0m  [1m[35mBEGIN[0m
  ↳ app/controllers/cats_controller.rb:17
  [1m[36mCat Create (58.2ms)[0m  [1m[32mINSERT INTO "cats" ("birth_date", "color", "name", "created_at", "updated_at", "sex") VALUES ($1, $2, $3, $4, $5, $6) RETURNING "id"[0m  [["birth_date", "2023-06-08"], ["color", "Brown"], ["name", "miles"], ["created_at", "2020-10-30 23:43:09.900532"], ["updated_at", "2020-10-30 23:43:09.900532"], ["sex", "M"]]
  ↳ app/controllers/cats_controller.rb:17
  [1m[35m (3.7ms)[0m  [1m[35mCOMMIT[0m
  ↳ app/controllers/cats_controller.rb:17
Redirected to http://localhost:3000/cats/4
Completed 302 Found in 81ms (ActiveRecord: 72.7ms)


Started GET "/cats/4" for 127.0.0.1 at 2020-10-30 16:43:10 -0700
Processing by CatsController#show as HTML
  Parameters: {"id"=>"4"}
  [1m[36mCat Load (1.6ms)[0m  [1m[34mSELECT  "cats".* FROM "cats" WHERE "cats"."id" = $1 LIMIT $2[0m  [["id", 4], ["LIMIT", 1]]
  ↳ app/controllers/cats_controller.rb:10
  Rendering cats/show.html.erb within layouts/application
  Rendered cats/_cat.html.erb (2.1ms)
  Rendered cats/show.html.erb within layouts/application (9.1ms)
Completed 200 OK in 77ms (Views: 73.1ms | ActiveRecord: 1.6ms)


Started GET "/cats/new" for 127.0.0.1 at 2020-10-30 16:43:40 -0700
Processing by CatsController#new as HTML
  Rendering cats/new.html.erb within layouts/application
  Rendered cats/_form.html.erb (0.5ms)
  Rendered cats/new.html.erb within layouts/application (3.5ms)
Completed 200 OK in 61ms (Views: 60.5ms | ActiveRecord: 0.0ms)


Started GET "/cats/new" for 127.0.0.1 at 2020-10-30 16:44:17 -0700
Processing by CatsController#new as HTML
  Rendering cats/new.html.erb within layouts/application
  Rendered cats/_form.html.erb (0.7ms)
  Rendered cats/new.html.erb within layouts/application (6.1ms)
Completed 200 OK in 114ms (Views: 112.4ms | ActiveRecord: 0.0ms)


Started GET "/cats/new" for 127.0.0.1 at 2020-10-30 16:44:40 -0700
Processing by CatsController#new as HTML
  Rendering cats/new.html.erb within layouts/application
  Rendered cats/_form.html.erb (2.0ms)
  Rendered cats/new.html.erb within layouts/application (8.7ms)
Completed 200 OK in 72ms (Views: 71.5ms | ActiveRecord: 0.0ms)


Started GET "/cats/new" for 127.0.0.1 at 2020-10-30 16:44:54 -0700
Processing by CatsController#new as HTML
  Rendering cats/new.html.erb within layouts/application
  Rendered cats/_form.html.erb (3.0ms)
  Rendered cats/new.html.erb within layouts/application (15.4ms)
Completed 200 OK in 77ms (Views: 76.4ms | ActiveRecord: 0.0ms)


Started GET "/cats/new" for 127.0.0.1 at 2020-10-30 16:45:31 -0700
Processing by CatsController#new as HTML
  Rendering cats/new.html.erb within layouts/application
  Rendered cats/_form.html.erb (0.8ms)
  Rendered cats/new.html.erb within layouts/application (7.3ms)
Completed 200 OK in 113ms (Views: 111.9ms | ActiveRecord: 0.0ms)


Started GET "/cats/new" for 127.0.0.1 at 2020-10-30 16:45:37 -0700
Processing by CatsController#new as HTML
  Rendering cats/new.html.erb within layouts/application
  Rendered cats/_form.html.erb (0.7ms)
  Rendered cats/new.html.erb within layouts/application (11.9ms)
Completed 200 OK in 109ms (Views: 107.9ms | ActiveRecord: 0.0ms)


Started GET "/cats/new" for 127.0.0.1 at 2020-10-30 16:59:15 -0700
  [1m[35m (2.3ms)[0m  [1m[34mSELECT "schema_migrations"."version" FROM "schema_migrations" ORDER BY "schema_migrations"."version" ASC[0m
  ↳ /Users/joshuabubar/.rbenv/versions/2.5.1/lib/ruby/gems/2.5.0/gems/activerecord-5.2.4.4/lib/active_record/log_subscriber.rb:98
Processing by CatsController#new as HTML
  Rendering cats/new.html.erb within layouts/application
  Rendered cats/_form.html.erb (19.1ms)
  Rendered cats/new.html.erb within layouts/application (26.4ms)
Completed 500 Internal Server Error in 107ms (ActiveRecord: 20.6ms)



ActionController::UrlGenerationError - No route matches {:action=>"show", :controller=>"cats", :id=>nil}, missing required keys: [:id]:
  app/views/cats/_form.html.erb:2:in `_app_views_cats__form_html_erb___4564246572381552288_70136308656120'
  app/views/cats/new.html.erb:3:in `_app_views_cats_new_html_erb___2034076870257083430_70136308642520'
  app/controllers/cats_controller.rb:26:in `new'

Started POST "/__better_errors/58b75b48da858442/variables" for 127.0.0.1 at 2020-10-30 16:59:16 -0700
Started GET "/cats/new" for 127.0.0.1 at 2020-10-30 16:59:53 -0700
Processing by CatsController#new as HTML
  Rendering cats/new.html.erb within layouts/application
  Rendered cats/_form.html.erb (10.2ms)
  Rendered cats/new.html.erb within layouts/application (13.8ms)
Completed 500 Internal Server Error in 26ms (ActiveRecord: 0.0ms)



ActionController::UrlGenerationError - No route matches {:action=>"show", :controller=>"cats", :id=>nil}, missing required keys: [:id]:
  app/views/cats/_form.html.erb:2:in `_app_views_cats__form_html_erb___4564246572381552288_70136270371900'
  app/views/cats/new.html.erb:3:in `_app_views_cats_new_html_erb___2034076870257083430_70136270382820'
  app/controllers/cats_controller.rb:26:in `new'

Started POST "/__better_errors/9659555338cdc95c/variables" for 127.0.0.1 at 2020-10-30 16:59:54 -0700
Started GET "/cats/new" for 127.0.0.1 at 2020-10-30 17:00:00 -0700
Processing by CatsController#new as HTML
  Rendering cats/new.html.erb within layouts/application
  Rendered cats/_form.html.erb (17.4ms)
  Rendered cats/new.html.erb within layouts/application (26.5ms)
Completed 500 Internal Server Error in 55ms (ActiveRecord: 0.0ms)



ActionController::UrlGenerationError - No route matches {:action=>"show", :controller=>"cats", :id=>nil}, missing required keys: [:id]:
  app/views/cats/_form.html.erb:2:in `_app_views_cats__form_html_erb___4564246572381552288_70136309782640'
  app/views/cats/new.html.erb:3:in `_app_views_cats_new_html_erb___2034076870257083430_70136277230380'
  app/controllers/cats_controller.rb:26:in `new'

Started POST "/__better_errors/28b1a222b1970ce1/variables" for 127.0.0.1 at 2020-10-30 17:00:00 -0700
Started GET "/cats/new" for 127.0.0.1 at 2020-10-30 17:00:32 -0700
Processing by CatsController#new as HTML
  Rendering cats/new.html.erb within layouts/application
  Rendered cats/_form.html.erb (8.5ms)
  Rendered cats/new.html.erb within layouts/application (12.7ms)
Completed 500 Internal Server Error in 24ms (ActiveRecord: 0.0ms)



ActionController::UrlGenerationError - No route matches {:action=>"show", :controller=>"cats", :id=>nil}, missing required keys: [:id]:
  app/views/cats/_form.html.erb:2:in `_app_views_cats__form_html_erb___4564246572381552288_70136277672620'
  app/views/cats/new.html.erb:3:in `_app_views_cats_new_html_erb___2034076870257083430_70136309697800'
  app/controllers/cats_controller.rb:26:in `new'

Started POST "/__better_errors/d9b5c2b63015478a/variables" for 127.0.0.1 at 2020-10-30 17:00:33 -0700
Started GET "/cats/new" for 127.0.0.1 at 2020-10-30 17:00:44 -0700
Processing by CatsController#new as HTML
  Rendering cats/new.html.erb within layouts/application
  Rendered cats/_form.html.erb (12.3ms)
  Rendered cats/new.html.erb within layouts/application (18.3ms)
Completed 500 Internal Server Error in 32ms (ActiveRecord: 0.0ms)



ActionController::UrlGenerationError - No route matches {:action=>"show", :controller=>"cats", :id=>nil}, missing required keys: [:id]:
  app/views/cats/_form.html.erb:2:in `_app_views_cats__form_html_erb___4564246572381552288_70136310023820'
  app/views/cats/new.html.erb:3:in `_app_views_cats_new_html_erb___2034076870257083430_70136284539640'
  app/controllers/cats_controller.rb:26:in `new'

Started POST "/__better_errors/694d40181d821f74/variables" for 127.0.0.1 at 2020-10-30 17:00:44 -0700
