  [1m[35m (141.9ms)[0m  [1m[35mCREATE DATABASE "art_share_api_development" ENCODING = 'unicode'[0m
  ↳ bin/rails:9
  [1m[35m (74.9ms)[0m  [1m[35mCREATE DATABASE "art_share_api_test" ENCODING = 'unicode'[0m
  ↳ bin/rails:9
  [1m[35m (21.7ms)[0m  [1m[35mCREATE TABLE "schema_migrations" ("version" character varying NOT NULL PRIMARY KEY)[0m
  ↳ bin/rails:9
  [1m[35m (8.2ms)[0m  [1m[35mCREATE TABLE "ar_internal_metadata" ("key" character varying NOT NULL PRIMARY KEY, "value" character varying, "created_at" timestamp NOT NULL, "updated_at" timestamp NOT NULL)[0m
  ↳ bin/rails:9
  [1m[35m (0.4ms)[0m  [1m[34mSELECT pg_try_advisory_lock(5974519626909234765)[0m
  ↳ bin/rails:9
  [1m[35m (0.5ms)[0m  [1m[34mSELECT "schema_migrations"."version" FROM "schema_migrations" ORDER BY "schema_migrations"."version" ASC[0m
  ↳ bin/rails:9
Migrating to CreateUsers (20201028230448)
  [1m[35m (0.1ms)[0m  [1m[35mBEGIN[0m
  ↳ bin/rails:9
  [1m[35m (6.2ms)[0m  [1m[35mCREATE TABLE "users" ("id" bigserial primary key, "username" character varying NOT NULL, "created_at" timestamp NOT NULL, "updated_at" timestamp NOT NULL)[0m
  ↳ db/migrate/20201028230448_create_users.rb:3
  [1m[35m (1.9ms)[0m  [1m[35mCREATE UNIQUE INDEX  "index_users_on_username" ON "users"  ("username")[0m
  ↳ db/migrate/20201028230448_create_users.rb:7
  [1m[36mActiveRecord::SchemaMigration Create (0.4ms)[0m  [1m[32mINSERT INTO "schema_migrations" ("version") VALUES ($1) RETURNING "version"[0m  [["version", "20201028230448"]]
  ↳ bin/rails:9
  [1m[35m (0.4ms)[0m  [1m[35mCOMMIT[0m
  ↳ bin/rails:9
  [1m[36mActiveRecord::InternalMetadata Load (0.5ms)[0m  [1m[34mSELECT  "ar_internal_metadata".* FROM "ar_internal_metadata" WHERE "ar_internal_metadata"."key" = $1 LIMIT $2[0m  [["key", "environment"], ["LIMIT", 1]]
  ↳ bin/rails:9
  [1m[35m (0.1ms)[0m  [1m[35mBEGIN[0m
  ↳ bin/rails:9
  [1m[36mActiveRecord::InternalMetadata Create (0.5ms)[0m  [1m[32mINSERT INTO "ar_internal_metadata" ("key", "value", "created_at", "updated_at") VALUES ($1, $2, $3, $4) RETURNING "key"[0m  [["key", "environment"], ["value", "development"], ["created_at", "2020-10-28 23:12:40.621942"], ["updated_at", "2020-10-28 23:12:40.621942"]]
  ↳ bin/rails:9
  [1m[35m (0.2ms)[0m  [1m[35mCOMMIT[0m
  ↳ bin/rails:9
  [1m[35m (0.2ms)[0m  [1m[34mSELECT pg_advisory_unlock(5974519626909234765)[0m
  ↳ bin/rails:9
  [1m[35m (0.6ms)[0m  [1m[34mSELECT "schema_migrations"."version" FROM "schema_migrations" ORDER BY "schema_migrations"."version" ASC[0m
  ↳ bin/rails:9
  [1m[35m (0.2ms)[0m  [1m[35mBEGIN[0m
  [1m[36mUser Exists (2.1ms)[0m  [1m[34mSELECT  1 AS one FROM "users" WHERE "users"."username" = $1 LIMIT $2[0m  [["username", "alan"], ["LIMIT", 1]]
  [1m[36mUser Create (1.0ms)[0m  [1m[32mINSERT INTO "users" ("username", "created_at", "updated_at") VALUES ($1, $2, $3) RETURNING "id"[0m  [["username", "alan"], ["created_at", "2020-10-28 23:14:56.397501"], ["updated_at", "2020-10-28 23:14:56.397501"]]
  [1m[35m (0.7ms)[0m  [1m[35mCOMMIT[0m
  [1m[35m (0.1ms)[0m  [1m[35mBEGIN[0m
  [1m[36mUser Exists (1.0ms)[0m  [1m[34mSELECT  1 AS one FROM "users" WHERE "users"."username" = $1 LIMIT $2[0m  [["username", "alan"], ["LIMIT", 1]]
  [1m[35m (0.2ms)[0m  [1m[31mROLLBACK[0m
  [1m[35m (0.4ms)[0m  [1m[35mBEGIN[0m
  [1m[36mUser Exists (1.0ms)[0m  [1m[34mSELECT  1 AS one FROM "users" WHERE "users"."username" IS NULL LIMIT $1[0m  [["LIMIT", 1]]
  [1m[35m (0.2ms)[0m  [1m[31mROLLBACK[0m
  [1m[35m (0.2ms)[0m  [1m[34mSELECT pg_try_advisory_lock(5974519626909234765)[0m
  ↳ bin/rails:9
  [1m[35m (1.0ms)[0m  [1m[34mSELECT "schema_migrations"."version" FROM "schema_migrations" ORDER BY "schema_migrations"."version" ASC[0m
  ↳ bin/rails:9
Migrating to CreateArtworks (20201028231624)
  [1m[35m (0.1ms)[0m  [1m[35mBEGIN[0m
  ↳ bin/rails:9
  [1m[35m (8.9ms)[0m  [1m[35mCREATE TABLE "artworks" ("id" bigserial primary key, "title" character varying NOT NULL, "image_url" text NOT NULL, "artist_id" integer NOT NULL, "created_at" timestamp NOT NULL, "updated_at" timestamp NOT NULL)[0m
  ↳ db/migrate/20201028231624_create_artworks.rb:3
  [1m[35m (2.9ms)[0m  [1m[35mCREATE UNIQUE INDEX  "index_artworks_on_artist_id_and_title" ON "artworks"  ("artist_id", "title")[0m
  ↳ db/migrate/20201028231624_create_artworks.rb:9
  [1m[35m (1.1ms)[0m  [1m[35mCREATE  INDEX  "index_artworks_on_artist_id" ON "artworks"  ("artist_id")[0m
  ↳ db/migrate/20201028231624_create_artworks.rb:10
  [1m[36mActiveRecord::SchemaMigration Create (0.7ms)[0m  [1m[32mINSERT INTO "schema_migrations" ("version") VALUES ($1) RETURNING "version"[0m  [["version", "20201028231624"]]
  ↳ bin/rails:9
  [1m[35m (0.7ms)[0m  [1m[35mCOMMIT[0m
  ↳ bin/rails:9
  [1m[36mActiveRecord::InternalMetadata Load (0.5ms)[0m  [1m[34mSELECT  "ar_internal_metadata".* FROM "ar_internal_metadata" WHERE "ar_internal_metadata"."key" = $1 LIMIT $2[0m  [["key", "environment"], ["LIMIT", 1]]
  ↳ bin/rails:9
  [1m[35m (0.1ms)[0m  [1m[35mBEGIN[0m
  ↳ bin/rails:9
  [1m[35m (0.1ms)[0m  [1m[35mCOMMIT[0m
  ↳ bin/rails:9
  [1m[35m (0.3ms)[0m  [1m[34mSELECT pg_advisory_unlock(5974519626909234765)[0m
  ↳ bin/rails:9
  [1m[35m (0.3ms)[0m  [1m[34mSELECT "schema_migrations"."version" FROM "schema_migrations" ORDER BY "schema_migrations"."version" ASC[0m
  ↳ bin/rails:9
  [1m[35m (0.3ms)[0m  [1m[34mSELECT pg_try_advisory_lock(5974519626909234765)[0m
  ↳ bin/rails:9
  [1m[35m (1.2ms)[0m  [1m[34mSELECT "schema_migrations"."version" FROM "schema_migrations" ORDER BY "schema_migrations"."version" ASC[0m
  ↳ bin/rails:9
Migrating to CreateCreateArtworkSharesTables (20201028232246)
  [1m[35m (0.3ms)[0m  [1m[35mBEGIN[0m
  ↳ bin/rails:9
  [1m[35m (8.4ms)[0m  [1m[35mCREATE TABLE "create_artwork_shares_tables" ("id" bigserial primary key, "artwork_id" integer NOT NULL, "viewer_id" integer NOT NULL, "created_at" timestamp NOT NULL, "updated_at" timestamp NOT NULL)[0m
  ↳ db/migrate/20201028232246_create_create_artwork_shares_tables.rb:3
  [1m[35m (1.3ms)[0m  [1m[35mCREATE UNIQUE INDEX  "index_create_artwork_shares_tables_on_artwork_id_and_viewer_id" ON "create_artwork_shares_tables"  ("artwork_id", "viewer_id")[0m
  ↳ db/migrate/20201028232246_create_create_artwork_shares_tables.rb:8
  [1m[35m (2.0ms)[0m  [1m[35mCREATE  INDEX  "index_create_artwork_shares_tables_on_artwork_id" ON "create_artwork_shares_tables"  ("artwork_id")[0m
  ↳ db/migrate/20201028232246_create_create_artwork_shares_tables.rb:9
  [1m[35m (0.9ms)[0m  [1m[35mCREATE  INDEX  "index_create_artwork_shares_tables_on_viewer_id" ON "create_artwork_shares_tables"  ("viewer_id")[0m
  ↳ db/migrate/20201028232246_create_create_artwork_shares_tables.rb:10
  [1m[35m (2.4ms)[0m  [1m[35mALTER TABLE "create_artwork_shares_tables" RENAME TO "artwork_shares"[0m
  ↳ db/migrate/20201028232246_create_create_artwork_shares_tables.rb:11
  [1m[35m (1.1ms)[0m  [1m[35mALTER INDEX "create_artwork_shares_tables_pkey" RENAME TO "artwork_shares_pkey"[0m
  ↳ db/migrate/20201028232246_create_create_artwork_shares_tables.rb:11
  [1m[35m (0.7ms)[0m  [1m[35mALTER TABLE "public"."create_artwork_shares_tables_id_seq" RENAME TO "artwork_shares_id_seq"[0m
  ↳ db/migrate/20201028232246_create_create_artwork_shares_tables.rb:11
  [1m[35m (0.9ms)[0m  [1m[35mALTER INDEX "index_create_artwork_shares_tables_on_artwork_id" RENAME TO "index_artwork_shares_on_artwork_id"[0m
  ↳ db/migrate/20201028232246_create_create_artwork_shares_tables.rb:11
  [1m[35m (0.3ms)[0m  [1m[35mALTER INDEX "index_create_artwork_shares_tables_on_artwork_id_and_viewer_id" RENAME TO "index_artwork_shares_on_artwork_id_and_viewer_id"[0m
  ↳ db/migrate/20201028232246_create_create_artwork_shares_tables.rb:11
  [1m[35m (0.2ms)[0m  [1m[35mALTER INDEX "index_create_artwork_shares_tables_on_viewer_id" RENAME TO "index_artwork_shares_on_viewer_id"[0m
  ↳ db/migrate/20201028232246_create_create_artwork_shares_tables.rb:11
  [1m[36mActiveRecord::SchemaMigration Create (1.2ms)[0m  [1m[32mINSERT INTO "schema_migrations" ("version") VALUES ($1) RETURNING "version"[0m  [["version", "20201028232246"]]
  ↳ bin/rails:9
  [1m[35m (1.1ms)[0m  [1m[35mCOMMIT[0m
  ↳ bin/rails:9
  [1m[36mActiveRecord::InternalMetadata Load (0.4ms)[0m  [1m[34mSELECT  "ar_internal_metadata".* FROM "ar_internal_metadata" WHERE "ar_internal_metadata"."key" = $1 LIMIT $2[0m  [["key", "environment"], ["LIMIT", 1]]
  ↳ bin/rails:9
  [1m[35m (0.1ms)[0m  [1m[35mBEGIN[0m
  ↳ bin/rails:9
  [1m[35m (0.1ms)[0m  [1m[35mCOMMIT[0m
  ↳ bin/rails:9
  [1m[35m (0.2ms)[0m  [1m[34mSELECT pg_advisory_unlock(5974519626909234765)[0m
  ↳ bin/rails:9
  [1m[35m (0.3ms)[0m  [1m[34mSELECT "schema_migrations"."version" FROM "schema_migrations" ORDER BY "schema_migrations"."version" ASC[0m
  ↳ bin/rails:9
  [1m[35m (0.8ms)[0m  [1m[34mSELECT "schema_migrations"."version" FROM "schema_migrations" ORDER BY "schema_migrations"."version" ASC[0m
  ↳ bin/rails:9
  [1m[36mUser Load (0.7ms)[0m  [1m[34mSELECT  "users".* FROM "users" ORDER BY "users"."id" ASC LIMIT $1[0m  [["LIMIT", 1]]
  [1m[36mUser Load (0.6ms)[0m  [1m[34mSELECT  "users".* FROM "users" ORDER BY "users"."id" ASC LIMIT $1[0m  [["LIMIT", 1]]
  [1m[36mUser Load (0.4ms)[0m  [1m[34mSELECT  "users".* FROM "users" ORDER BY "users"."id" ASC LIMIT $1[0m  [["LIMIT", 1]]
  [1m[36mArtwork Load (2.9ms)[0m  [1m[34mSELECT "artworks".* FROM "artworks" WHERE "artworks"."artist_id" = $1[0m  [["artist_id", 1]]
  [1m[36mUser Load (0.4ms)[0m  [1m[34mSELECT  "users".* FROM "users" ORDER BY "users"."id" DESC LIMIT $1[0m  [["LIMIT", 1]]
  [1m[36mUser Load (0.3ms)[0m  [1m[34mSELECT "users".* FROM "users"[0m
  [1m[35m (0.8ms)[0m  [1m[34mSELECT "schema_migrations"."version" FROM "schema_migrations" ORDER BY "schema_migrations"."version" ASC[0m
  ↳ bin/rails:9
  [1m[36mUser Load (0.5ms)[0m  [1m[34mSELECT "users".* FROM "users"[0m
  ↳ db/seeds.rb:9
  [1m[35m (0.2ms)[0m  [1m[35mBEGIN[0m
  ↳ db/seeds.rb:9
  [1m[36mUser Destroy (1.0ms)[0m  [1m[31mDELETE FROM "users" WHERE "users"."id" = $1[0m  [["id", 1]]
  ↳ db/seeds.rb:9
  [1m[35m (0.4ms)[0m  [1m[35mCOMMIT[0m
  ↳ db/seeds.rb:9
  [1m[36mArtwork Load (0.6ms)[0m  [1m[34mSELECT "artworks".* FROM "artworks"[0m
  ↳ db/seeds.rb:10
  [1m[36mArtworkShare Load (1.8ms)[0m  [1m[34mSELECT "artwork_shares".* FROM "artwork_shares"[0m
  ↳ db/seeds.rb:11
  [1m[35m (0.8ms)[0m  [1m[34mSELECT "schema_migrations"."version" FROM "schema_migrations" ORDER BY "schema_migrations"."version" ASC[0m
  ↳ bin/rails:9
  [1m[36mUser Load (0.5ms)[0m  [1m[34mSELECT "users".* FROM "users"[0m
  ↳ db/seeds.rb:9
  [1m[36mArtwork Load (0.6ms)[0m  [1m[34mSELECT "artworks".* FROM "artworks"[0m
  ↳ db/seeds.rb:10
  [1m[36mArtworkShare Load (0.6ms)[0m  [1m[34mSELECT "artwork_shares".* FROM "artwork_shares"[0m
  ↳ db/seeds.rb:11
  [1m[36mUser Load (0.6ms)[0m  [1m[34mSELECT  "users".* FROM "users" ORDER BY "users"."id" ASC LIMIT $1[0m  [["LIMIT", 1]]
  [1m[36mUser Load (0.4ms)[0m  [1m[34mSELECT "users".* FROM "users"[0m
  [1m[35m (0.9ms)[0m  [1m[34mSELECT "schema_migrations"."version" FROM "schema_migrations" ORDER BY "schema_migrations"."version" ASC[0m
  ↳ bin/rails:9
  [1m[36mUser Load (0.6ms)[0m  [1m[34mSELECT "users".* FROM "users"[0m
  ↳ db/seeds.rb:9
  [1m[36mArtwork Load (0.5ms)[0m  [1m[34mSELECT "artworks".* FROM "artworks"[0m
  ↳ db/seeds.rb:10
  [1m[36mArtworkShare Load (0.6ms)[0m  [1m[34mSELECT "artwork_shares".* FROM "artwork_shares"[0m
  ↳ db/seeds.rb:11
  [1m[35m (0.2ms)[0m  [1m[35mBEGIN[0m
  ↳ db/seeds.rb:13
  [1m[36mUser Exists (0.5ms)[0m  [1m[34mSELECT  1 AS one FROM "users" WHERE "users"."username" = $1 LIMIT $2[0m  [["username", "alan"], ["LIMIT", 1]]
  ↳ db/seeds.rb:13
  [1m[36mUser Create (0.5ms)[0m  [1m[32mINSERT INTO "users" ("username", "created_at", "updated_at") VALUES ($1, $2, $3) RETURNING "id"[0m  [["username", "alan"], ["created_at", "2020-10-28 23:48:09.274394"], ["updated_at", "2020-10-28 23:48:09.274394"]]
  ↳ db/seeds.rb:13
  [1m[35m (0.5ms)[0m  [1m[35mCOMMIT[0m
  ↳ db/seeds.rb:13
  [1m[35m (0.1ms)[0m  [1m[35mBEGIN[0m
  ↳ db/seeds.rb:14
  [1m[36mUser Exists (0.3ms)[0m  [1m[34mSELECT  1 AS one FROM "users" WHERE "users"."username" = $1 LIMIT $2[0m  [["username", "izzi"], ["LIMIT", 1]]
  ↳ db/seeds.rb:14
  [1m[36mUser Create (0.2ms)[0m  [1m[32mINSERT INTO "users" ("username", "created_at", "updated_at") VALUES ($1, $2, $3) RETURNING "id"[0m  [["username", "izzi"], ["created_at", "2020-10-28 23:48:09.277701"], ["updated_at", "2020-10-28 23:48:09.277701"]]
  ↳ db/seeds.rb:14
  [1m[35m (0.4ms)[0m  [1m[35mCOMMIT[0m
  ↳ db/seeds.rb:14
  [1m[35m (0.1ms)[0m  [1m[35mBEGIN[0m
  ↳ db/seeds.rb:15
  [1m[36mUser Exists (0.3ms)[0m  [1m[34mSELECT  1 AS one FROM "users" WHERE "users"."username" = $1 LIMIT $2[0m  [["username", "walker"], ["LIMIT", 1]]
  ↳ db/seeds.rb:15
  [1m[36mUser Create (0.3ms)[0m  [1m[32mINSERT INTO "users" ("username", "created_at", "updated_at") VALUES ($1, $2, $3) RETURNING "id"[0m  [["username", "walker"], ["created_at", "2020-10-28 23:48:09.280995"], ["updated_at", "2020-10-28 23:48:09.280995"]]
  ↳ db/seeds.rb:15
  [1m[35m (0.4ms)[0m  [1m[35mCOMMIT[0m
  ↳ db/seeds.rb:15
  [1m[35m (0.1ms)[0m  [1m[35mBEGIN[0m
  ↳ db/seeds.rb:16
  [1m[36mUser Exists (0.2ms)[0m  [1m[34mSELECT  1 AS one FROM "users" WHERE "users"."username" = $1 LIMIT $2[0m  [["username", "joe"], ["LIMIT", 1]]
  ↳ db/seeds.rb:16
  [1m[36mUser Create (0.2ms)[0m  [1m[32mINSERT INTO "users" ("username", "created_at", "updated_at") VALUES ($1, $2, $3) RETURNING "id"[0m  [["username", "joe"], ["created_at", "2020-10-28 23:48:09.283672"], ["updated_at", "2020-10-28 23:48:09.283672"]]
  ↳ db/seeds.rb:16
  [1m[35m (0.4ms)[0m  [1m[35mCOMMIT[0m
  ↳ db/seeds.rb:16
  [1m[35m (0.1ms)[0m  [1m[35mBEGIN[0m
  ↳ db/seeds.rb:19
  [1m[36mUser Load (0.2ms)[0m  [1m[34mSELECT  "users".* FROM "users" WHERE "users"."id" = $1 LIMIT $2[0m  [["id", 2], ["LIMIT", 1]]
  ↳ db/seeds.rb:19
  [1m[36mArtwork Create (0.8ms)[0m  [1m[32mINSERT INTO "artworks" ("title", "image_url", "artist_id", "created_at", "updated_at") VALUES ($1, $2, $3, $4, $5) RETURNING "id"[0m  [["title", "the mona lisa"], ["image_url", "monalisa.com"], ["artist_id", 2], ["created_at", "2020-10-28 23:48:09.303795"], ["updated_at", "2020-10-28 23:48:09.303795"]]
  ↳ db/seeds.rb:19
  [1m[35m (0.4ms)[0m  [1m[35mCOMMIT[0m
  ↳ db/seeds.rb:19
  [1m[35m (0.1ms)[0m  [1m[35mBEGIN[0m
  ↳ db/seeds.rb:20
  [1m[36mUser Load (0.2ms)[0m  [1m[34mSELECT  "users".* FROM "users" WHERE "users"."id" = $1 LIMIT $2[0m  [["id", 3], ["LIMIT", 1]]
  ↳ db/seeds.rb:20
  [1m[36mArtwork Create (0.3ms)[0m  [1m[32mINSERT INTO "artworks" ("title", "image_url", "artist_id", "created_at", "updated_at") VALUES ($1, $2, $3, $4, $5) RETURNING "id"[0m  [["title", "starry night"], ["image_url", "starrynight.com"], ["artist_id", 3], ["created_at", "2020-10-28 23:48:09.307469"], ["updated_at", "2020-10-28 23:48:09.307469"]]
  ↳ db/seeds.rb:20
  [1m[35m (0.4ms)[0m  [1m[35mCOMMIT[0m
  ↳ db/seeds.rb:20
  [1m[35m (0.1ms)[0m  [1m[35mBEGIN[0m
  ↳ db/seeds.rb:22
  [1m[36mArtwork Load (0.3ms)[0m  [1m[34mSELECT  "artworks".* FROM "artworks" WHERE "artworks"."id" = $1 LIMIT $2[0m  [["id", 1], ["LIMIT", 1]]
  ↳ db/seeds.rb:22
  [1m[36mUser Load (0.3ms)[0m  [1m[34mSELECT  "users".* FROM "users" WHERE "users"."id" = $1 LIMIT $2[0m  [["id", 4], ["LIMIT", 1]]
  ↳ db/seeds.rb:22
  [1m[36mArtworkShare Create (0.6ms)[0m  [1m[32mINSERT INTO "artwork_shares" ("artwork_id", "viewer_id", "created_at", "updated_at") VALUES ($1, $2, $3, $4) RETURNING "id"[0m  [["artwork_id", 1], ["viewer_id", 4], ["created_at", "2020-10-28 23:48:09.322005"], ["updated_at", "2020-10-28 23:48:09.322005"]]
  ↳ db/seeds.rb:22
  [1m[35m (0.5ms)[0m  [1m[35mCOMMIT[0m
  ↳ db/seeds.rb:22
  [1m[35m (0.1ms)[0m  [1m[35mBEGIN[0m
  ↳ db/seeds.rb:23
  [1m[36mArtwork Load (0.3ms)[0m  [1m[34mSELECT  "artworks".* FROM "artworks" WHERE "artworks"."id" = $1 LIMIT $2[0m  [["id", 2], ["LIMIT", 1]]
  ↳ db/seeds.rb:23
  [1m[36mUser Load (0.2ms)[0m  [1m[34mSELECT  "users".* FROM "users" WHERE "users"."id" = $1 LIMIT $2[0m  [["id", 5], ["LIMIT", 1]]
  ↳ db/seeds.rb:23
  [1m[36mArtworkShare Create (0.6ms)[0m  [1m[32mINSERT INTO "artwork_shares" ("artwork_id", "viewer_id", "created_at", "updated_at") VALUES ($1, $2, $3, $4) RETURNING "id"[0m  [["artwork_id", 2], ["viewer_id", 5], ["created_at", "2020-10-28 23:48:09.326717"], ["updated_at", "2020-10-28 23:48:09.326717"]]
  ↳ db/seeds.rb:23
  [1m[35m (0.4ms)[0m  [1m[35mCOMMIT[0m
  ↳ db/seeds.rb:23
  [1m[36mUser Load (0.7ms)[0m  [1m[34mSELECT "users".* FROM "users"[0m
  [1m[36mUser Load (0.3ms)[0m  [1m[34mSELECT  "users".* FROM "users" ORDER BY "users"."id" ASC LIMIT $1[0m  [["LIMIT", 1]]
  [1m[36mArtwork Load (0.6ms)[0m  [1m[34mSELECT "artworks".* FROM "artworks" WHERE "artworks"."artist_id" = $1[0m  [["artist_id", 2]]
  [1m[36mArtwork Load (0.7ms)[0m  [1m[34mSELECT  "artworks".* FROM "artworks" ORDER BY "artworks"."id" ASC LIMIT $1[0m  [["LIMIT", 1]]
  [1m[36mArtwork Load (1.0ms)[0m  [1m[34mSELECT  "artworks".* FROM "artworks" ORDER BY "artworks"."id" ASC LIMIT $1[0m  [["LIMIT", 1]]
  [1m[36mArtworkShare Load (0.6ms)[0m  [1m[34mSELECT "artwork_shares".* FROM "artwork_shares" WHERE "artwork_shares"."artwork_id" = $1[0m  [["artwork_id", 1]]
  [1m[36mArtwork Load (0.4ms)[0m  [1m[34mSELECT  "artworks".* FROM "artworks" ORDER BY "artworks"."id" ASC LIMIT $1[0m  [["LIMIT", 1]]
  [1m[36mUser Load (1.7ms)[0m  [1m[34mSELECT "users".* FROM "users" INNER JOIN "artwork_shares" ON "users"."id" = "artwork_shares"."viewer_id" WHERE "artwork_shares"."artwork_id" = $1[0m  [["artwork_id", 1]]
Started GET "/artworks" for 127.0.0.1 at 2020-10-29 14:46:32 -0700
  [1m[35m (2.9ms)[0m  [1m[34mSELECT "schema_migrations"."version" FROM "schema_migrations" ORDER BY "schema_migrations"."version" ASC[0m
  ↳ /Users/Izzi/.rbenv/versions/2.5.1/lib/ruby/gems/2.5.0/gems/activerecord-5.2.4.4/lib/active_record/log_subscriber.rb:98
  
ActionController::RoutingError (No route matches [GET] "/artworks"):
  
actionpack (5.2.4.4) lib/action_dispatch/middleware/debug_exceptions.rb:65:in `call'
web-console (3.7.0) lib/web_console/middleware.rb:135:in `call_app'
web-console (3.7.0) lib/web_console/middleware.rb:30:in `block in call'
web-console (3.7.0) lib/web_console/middleware.rb:20:in `catch'
web-console (3.7.0) lib/web_console/middleware.rb:20:in `call'
actionpack (5.2.4.4) lib/action_dispatch/middleware/show_exceptions.rb:33:in `call'
railties (5.2.4.4) lib/rails/rack/logger.rb:38:in `call_app'
railties (5.2.4.4) lib/rails/rack/logger.rb:26:in `block in call'
activesupport (5.2.4.4) lib/active_support/tagged_logging.rb:71:in `block in tagged'
activesupport (5.2.4.4) lib/active_support/tagged_logging.rb:28:in `tagged'
activesupport (5.2.4.4) lib/active_support/tagged_logging.rb:71:in `tagged'
railties (5.2.4.4) lib/rails/rack/logger.rb:26:in `call'
sprockets-rails (3.2.2) lib/sprockets/rails/quiet_assets.rb:13:in `call'
actionpack (5.2.4.4) lib/action_dispatch/middleware/remote_ip.rb:81:in `call'
actionpack (5.2.4.4) lib/action_dispatch/middleware/request_id.rb:27:in `call'
rack (2.2.3) lib/rack/method_override.rb:24:in `call'
rack (2.2.3) lib/rack/runtime.rb:22:in `call'
activesupport (5.2.4.4) lib/active_support/cache/strategy/local_cache_middleware.rb:29:in `call'
actionpack (5.2.4.4) lib/action_dispatch/middleware/executor.rb:14:in `call'
actionpack (5.2.4.4) lib/action_dispatch/middleware/static.rb:127:in `call'
rack (2.2.3) lib/rack/sendfile.rb:110:in `call'
railties (5.2.4.4) lib/rails/engine.rb:524:in `call'
puma (3.12.6) lib/puma/configuration.rb:227:in `call'
puma (3.12.6) lib/puma/server.rb:706:in `handle_request'
puma (3.12.6) lib/puma/server.rb:476:in `process_client'
puma (3.12.6) lib/puma/server.rb:334:in `block in run'
puma (3.12.6) lib/puma/thread_pool.rb:135:in `block in spawn_thread'
Started GET "/artworks" for ::1 at 2020-10-29 14:48:01 -0700
Processing by ArtworksController#index as */*
  Parameters: {"user"=>{"name"=>{"\n"=>"vanessa"}}}
Completed 500 Internal Server Error in 14ms (ActiveRecord: 0.0ms)



SyntaxError - syntax error, unexpected tSYMBEG, expecting keyword_do or '{' or '('
    has_many :shared_viewers,
             ^:
  app/models/artwork.rb:15:in `'
  app/controllers/artworks_controller.rb:3:in `index'

Started GET "/artworks" for ::1 at 2020-10-29 14:49:26 -0700
Processing by ArtworksController#index as */*
  Parameters: {"user"=>{"name"=>{"\n"=>"vanessa"}}}
  [1m[36mArtwork Load (9.7ms)[0m  [1m[34mSELECT "artworks".* FROM "artworks"[0m
  ↳ app/controllers/artworks_controller.rb:4
Completed 200 OK in 70ms (Views: 17.9ms | ActiveRecord: 36.1ms)


Started POST "/artworks?artwork[title]=sistene%20chapel&artwork[artist_id]=4&artwork[img_url]=sistinechapel.com" for ::1 at 2020-10-29 14:52:21 -0700
Processing by ArtworksController#create as */*
  Parameters: {"user"=>{"name"=>{"\n"=>"vanessa"}}, "artwork"=>{"title"=>"sistene chapel", "artist_id"=>"4", "img_url"=>"sistinechapel.com"}}
Can't verify CSRF token authenticity.
Completed 422 Unprocessable Entity in 1ms (ActiveRecord: 0.0ms)



ActionController::InvalidAuthenticityToken - ActionController::InvalidAuthenticityToken:

Started POST "/artworks?artwork[title]=sistene%20chapel&artwork[artist_id]=4&artwork[img_url]=sistinechapel.com" for ::1 at 2020-10-29 14:53:58 -0700
Processing by ArtworksController#create as */*
  Parameters: {"user"=>{"name"=>{"\n"=>"vanessa"}}, "artwork"=>{"title"=>"sistene chapel", "artist_id"=>"4", "img_url"=>"sistinechapel.com"}}
Can't verify CSRF token authenticity.
Completed 422 Unprocessable Entity in 1ms (ActiveRecord: 0.0ms)



ActionController::InvalidAuthenticityToken - ActionController::InvalidAuthenticityToken:

Started POST "/artworks?artwork[title]=sistene%20chapel&artwork[artist_id]=4&artwork[img_url]=sistinechapel.com" for ::1 at 2020-10-29 14:54:48 -0700
  [1m[35m (1.2ms)[0m  [1m[34mSELECT "schema_migrations"."version" FROM "schema_migrations" ORDER BY "schema_migrations"."version" ASC[0m
  ↳ /Users/Izzi/.rbenv/versions/2.5.1/lib/ruby/gems/2.5.0/gems/activerecord-5.2.4.4/lib/active_record/log_subscriber.rb:98
Processing by ArtworksController#create as */*
  Parameters: {"user"=>{"name"=>{"\n"=>"vanessa"}}, "artwork"=>{"title"=>"sistene chapel", "artist_id"=>"4", "img_url"=>"sistinechapel.com"}}
Unpermitted parameter: :img_url
  [1m[35m (1.1ms)[0m  [1m[35mBEGIN[0m
  ↳ app/controllers/artworks_controller.rb:10
  [1m[36mUser Load (4.9ms)[0m  [1m[34mSELECT  "users".* FROM "users" WHERE "users"."id" = $1 LIMIT $2[0m  [["id", 4], ["LIMIT", 1]]
  ↳ app/controllers/artworks_controller.rb:10
  [1m[35m (1.1ms)[0m  [1m[31mROLLBACK[0m
  ↳ app/controllers/artworks_controller.rb:10
Completed 422 Unprocessable Entity in 284ms (Views: 0.5ms | ActiveRecord: 41.4ms)


Started POST "/artworks?artwork[title]=sistene%20chapel&artwork[artist_id]=4&artwork[image_url]=sistinechapel.com" for ::1 at 2020-10-29 14:55:22 -0700
Processing by ArtworksController#create as */*
  Parameters: {"user"=>{"name"=>{"\n"=>"vanessa"}}, "artwork"=>{"title"=>"sistene chapel", "artist_id"=>"4", "image_url"=>"sistinechapel.com"}}
  [1m[35m (3.4ms)[0m  [1m[35mBEGIN[0m
  ↳ app/controllers/artworks_controller.rb:10
  [1m[36mUser Load (2.0ms)[0m  [1m[34mSELECT  "users".* FROM "users" WHERE "users"."id" = $1 LIMIT $2[0m  [["id", 4], ["LIMIT", 1]]
  ↳ app/controllers/artworks_controller.rb:10
  [1m[36mArtwork Create (23.2ms)[0m  [1m[32mINSERT INTO "artworks" ("title", "image_url", "artist_id", "created_at", "updated_at") VALUES ($1, $2, $3, $4, $5) RETURNING "id"[0m  [["title", "sistene chapel"], ["image_url", "sistinechapel.com"], ["artist_id", 4], ["created_at", "2020-10-29 21:55:22.193398"], ["updated_at", "2020-10-29 21:55:22.193398"]]
  ↳ app/controllers/artworks_controller.rb:10
  [1m[35m (16.1ms)[0m  [1m[35mCOMMIT[0m
  ↳ app/controllers/artworks_controller.rb:10
Completed 200 OK in 57ms (Views: 6.0ms | ActiveRecord: 44.7ms)


Started GET "/artworks/2" for ::1 at 2020-10-29 14:55:50 -0700
Processing by ArtworksController#show as */*
  Parameters: {"user"=>{"name"=>{"\n"=>"vanessa"}}, "id"=>"2"}
  [1m[36mArtwork Load (1.0ms)[0m  [1m[34mSELECT  "artworks".* FROM "artworks" WHERE "artworks"."id" = $1 LIMIT $2[0m  [["id", 2], ["LIMIT", 1]]
  ↳ app/controllers/artworks_controller.rb:18
Completed 200 OK in 7ms (Views: 1.1ms | ActiveRecord: 1.0ms)


Started PATCH "/artworks/3?artwork[artist_id]=3&artwork[image_url]=sistinechapel.io" for ::1 at 2020-10-29 14:57:10 -0700
Processing by ArtworksController#update as */*
  Parameters: {"user"=>{"name"=>{"\n"=>"vanessa"}}, "artwork"=>{"artist_id"=>"3", "image_url"=>"sistinechapel.io"}, "id"=>"3"}
  [1m[36mArtwork Load (1.3ms)[0m  [1m[34mSELECT  "artworks".* FROM "artworks" WHERE "artworks"."id" = $1 LIMIT $2[0m  [["id", 3], ["LIMIT", 1]]
  ↳ app/controllers/artworks_controller.rb:28
  [1m[35m (2.5ms)[0m  [1m[35mBEGIN[0m
  ↳ app/controllers/artworks_controller.rb:30
  [1m[36mUser Load (0.7ms)[0m  [1m[34mSELECT  "users".* FROM "users" WHERE "users"."id" = $1 LIMIT $2[0m  [["id", 3], ["LIMIT", 1]]
  ↳ app/controllers/artworks_controller.rb:30
  [1m[36mArtwork Update (10.1ms)[0m  [1m[33mUPDATE "artworks" SET "image_url" = $1, "artist_id" = $2, "updated_at" = $3 WHERE "artworks"."id" = $4[0m  [["image_url", "sistinechapel.io"], ["artist_id", 3], ["updated_at", "2020-10-29 21:57:10.481583"], ["id", 3]]
  ↳ app/controllers/artworks_controller.rb:30
  [1m[35m (5.8ms)[0m  [1m[35mCOMMIT[0m
  ↳ app/controllers/artworks_controller.rb:30
Completed 200 OK in 31ms (Views: 0.7ms | ActiveRecord: 20.5ms)


Started GET "/artworks/3" for ::1 at 2020-10-29 14:57:27 -0700
Processing by ArtworksController#show as */*
  Parameters: {"user"=>{"name"=>{"\n"=>"vanessa"}}, "id"=>"3"}
  [1m[36mArtwork Load (2.5ms)[0m  [1m[34mSELECT  "artworks".* FROM "artworks" WHERE "artworks"."id" = $1 LIMIT $2[0m  [["id", 3], ["LIMIT", 1]]
  ↳ app/controllers/artworks_controller.rb:18
Completed 200 OK in 5ms (Views: 0.7ms | ActiveRecord: 2.5ms)


Started DELETE "/artworks/3" for ::1 at 2020-10-29 14:57:45 -0700
Processing by ArtworksController#destroy as */*
  Parameters: {"user"=>{"name"=>{"\n"=>"vanessa"}}, "id"=>"3"}
  [1m[36mArtwork Load (0.4ms)[0m  [1m[34mSELECT  "artworks".* FROM "artworks" WHERE "artworks"."id" = $1 LIMIT $2[0m  [["id", 3], ["LIMIT", 1]]
  ↳ app/controllers/artworks_controller.rb:38
  [1m[35m (0.2ms)[0m  [1m[35mBEGIN[0m
  ↳ app/controllers/artworks_controller.rb:40
  [1m[36mArtwork Destroy (1.0ms)[0m  [1m[31mDELETE FROM "artworks" WHERE "artworks"."id" = $1[0m  [["id", 3]]
  ↳ app/controllers/artworks_controller.rb:40
  [1m[35m (0.4ms)[0m  [1m[35mCOMMIT[0m
  ↳ app/controllers/artworks_controller.rb:40
Completed 200 OK in 6ms (Views: 1.1ms | ActiveRecord: 2.0ms)


Started GET "/artworks/" for ::1 at 2020-10-29 14:58:05 -0700
Processing by ArtworksController#index as */*
  Parameters: {"user"=>{"name"=>{"\n"=>"vanessa"}}}
  [1m[36mArtwork Load (5.8ms)[0m  [1m[34mSELECT "artworks".* FROM "artworks"[0m
  ↳ app/controllers/artworks_controller.rb:4
Completed 200 OK in 8ms (Views: 1.5ms | ActiveRecord: 5.8ms)


Started GET "/artworks_shares" for 127.0.0.1 at 2020-10-29 15:06:58 -0700
  [1m[35m (0.9ms)[0m  [1m[34mSELECT "schema_migrations"."version" FROM "schema_migrations" ORDER BY "schema_migrations"."version" ASC[0m
  ↳ /Users/Izzi/.rbenv/versions/2.5.1/lib/ruby/gems/2.5.0/gems/activerecord-5.2.4.4/lib/active_record/log_subscriber.rb:98
  
ActionController::RoutingError (No route matches [GET] "/artworks_shares"):
  
actionpack (5.2.4.4) lib/action_dispatch/middleware/debug_exceptions.rb:65:in `call'
web-console (3.7.0) lib/web_console/middleware.rb:135:in `call_app'
web-console (3.7.0) lib/web_console/middleware.rb:30:in `block in call'
web-console (3.7.0) lib/web_console/middleware.rb:20:in `catch'
web-console (3.7.0) lib/web_console/middleware.rb:20:in `call'
actionpack (5.2.4.4) lib/action_dispatch/middleware/show_exceptions.rb:33:in `call'
railties (5.2.4.4) lib/rails/rack/logger.rb:38:in `call_app'
railties (5.2.4.4) lib/rails/rack/logger.rb:26:in `block in call'
activesupport (5.2.4.4) lib/active_support/tagged_logging.rb:71:in `block in tagged'
activesupport (5.2.4.4) lib/active_support/tagged_logging.rb:28:in `tagged'
activesupport (5.2.4.4) lib/active_support/tagged_logging.rb:71:in `tagged'
railties (5.2.4.4) lib/rails/rack/logger.rb:26:in `call'
sprockets-rails (3.2.2) lib/sprockets/rails/quiet_assets.rb:13:in `call'
actionpack (5.2.4.4) lib/action_dispatch/middleware/remote_ip.rb:81:in `call'
actionpack (5.2.4.4) lib/action_dispatch/middleware/request_id.rb:27:in `call'
rack (2.2.3) lib/rack/method_override.rb:24:in `call'
rack (2.2.3) lib/rack/runtime.rb:22:in `call'
activesupport (5.2.4.4) lib/active_support/cache/strategy/local_cache_middleware.rb:29:in `call'
actionpack (5.2.4.4) lib/action_dispatch/middleware/executor.rb:14:in `call'
actionpack (5.2.4.4) lib/action_dispatch/middleware/static.rb:127:in `call'
rack (2.2.3) lib/rack/sendfile.rb:110:in `call'
railties (5.2.4.4) lib/rails/engine.rb:524:in `call'
puma (3.12.6) lib/puma/configuration.rb:227:in `call'
puma (3.12.6) lib/puma/server.rb:706:in `handle_request'
puma (3.12.6) lib/puma/server.rb:476:in `process_client'
puma (3.12.6) lib/puma/server.rb:334:in `block in run'
puma (3.12.6) lib/puma/thread_pool.rb:135:in `block in spawn_thread'
Started POST "/artwork_shares?artwork_share[artwork_id]=1&artwork_share[viewer_id]=3" for 127.0.0.1 at 2020-10-29 15:08:03 -0700
Processing by ArtworkSharesController#create as */*
  Parameters: {"artwork_share"=>{"artwork_id"=>"1", "viewer_id"=>"3"}}
  [1m[35m (0.1ms)[0m  [1m[35mBEGIN[0m
  ↳ app/controllers/artwork_shares_controller.rb:5
  [1m[36mArtwork Load (0.8ms)[0m  [1m[34mSELECT  "artworks".* FROM "artworks" WHERE "artworks"."id" = $1 LIMIT $2[0m  [["id", 1], ["LIMIT", 1]]
  ↳ app/controllers/artwork_shares_controller.rb:5
  [1m[36mUser Load (0.6ms)[0m  [1m[34mSELECT  "users".* FROM "users" WHERE "users"."id" = $1 LIMIT $2[0m  [["id", 3], ["LIMIT", 1]]
  ↳ app/controllers/artwork_shares_controller.rb:5
  [1m[36mArtworkShare Create (3.7ms)[0m  [1m[32mINSERT INTO "artwork_shares" ("artwork_id", "viewer_id", "created_at", "updated_at") VALUES ($1, $2, $3, $4) RETURNING "id"[0m  [["artwork_id", 1], ["viewer_id", 3], ["created_at", "2020-10-29 22:08:03.239849"], ["updated_at", "2020-10-29 22:08:03.239849"]]
  ↳ app/controllers/artwork_shares_controller.rb:5
  [1m[35m (1.2ms)[0m  [1m[35mCOMMIT[0m
  ↳ app/controllers/artwork_shares_controller.rb:5
Completed 200 OK in 80ms (Views: 1.8ms | ActiveRecord: 23.8ms)


Started DELETE "/artwork_shares/3" for 127.0.0.1 at 2020-10-29 15:08:47 -0700
Processing by ArtworkSharesController#destroy as */*
  Parameters: {"id"=>"3"}
  [1m[36mArtworkShare Load (0.7ms)[0m  [1m[34mSELECT  "artwork_shares".* FROM "artwork_shares" WHERE "artwork_shares"."id" = $1 LIMIT $2[0m  [["id", 3], ["LIMIT", 1]]
  ↳ app/controllers/artwork_shares_controller.rb:13
  [1m[35m (0.1ms)[0m  [1m[35mBEGIN[0m
  ↳ app/controllers/artwork_shares_controller.rb:15
  [1m[36mArtworkShare Destroy (0.3ms)[0m  [1m[31mDELETE FROM "artwork_shares" WHERE "artwork_shares"."id" = $1[0m  [["id", 3]]
  ↳ app/controllers/artwork_shares_controller.rb:15
  [1m[35m (0.3ms)[0m  [1m[35mCOMMIT[0m
  ↳ app/controllers/artwork_shares_controller.rb:15
Completed 200 OK in 5ms (Views: 0.4ms | ActiveRecord: 1.4ms)


Started GET "/artwork_shares" for 127.0.0.1 at 2020-10-29 15:09:25 -0700
  
ActionController::RoutingError (No route matches [GET] "/artwork_shares"):
  
actionpack (5.2.4.4) lib/action_dispatch/middleware/debug_exceptions.rb:65:in `call'
web-console (3.7.0) lib/web_console/middleware.rb:135:in `call_app'
web-console (3.7.0) lib/web_console/middleware.rb:30:in `block in call'
web-console (3.7.0) lib/web_console/middleware.rb:20:in `catch'
web-console (3.7.0) lib/web_console/middleware.rb:20:in `call'
actionpack (5.2.4.4) lib/action_dispatch/middleware/show_exceptions.rb:33:in `call'
railties (5.2.4.4) lib/rails/rack/logger.rb:38:in `call_app'
railties (5.2.4.4) lib/rails/rack/logger.rb:26:in `block in call'
activesupport (5.2.4.4) lib/active_support/tagged_logging.rb:71:in `block in tagged'
activesupport (5.2.4.4) lib/active_support/tagged_logging.rb:28:in `tagged'
activesupport (5.2.4.4) lib/active_support/tagged_logging.rb:71:in `tagged'
railties (5.2.4.4) lib/rails/rack/logger.rb:26:in `call'
sprockets-rails (3.2.2) lib/sprockets/rails/quiet_assets.rb:13:in `call'
actionpack (5.2.4.4) lib/action_dispatch/middleware/remote_ip.rb:81:in `call'
actionpack (5.2.4.4) lib/action_dispatch/middleware/request_id.rb:27:in `call'
rack (2.2.3) lib/rack/method_override.rb:24:in `call'
rack (2.2.3) lib/rack/runtime.rb:22:in `call'
activesupport (5.2.4.4) lib/active_support/cache/strategy/local_cache_middleware.rb:29:in `call'
actionpack (5.2.4.4) lib/action_dispatch/middleware/executor.rb:14:in `call'
actionpack (5.2.4.4) lib/action_dispatch/middleware/static.rb:127:in `call'
rack (2.2.3) lib/rack/sendfile.rb:110:in `call'
railties (5.2.4.4) lib/rails/engine.rb:524:in `call'
puma (3.12.6) lib/puma/configuration.rb:227:in `call'
puma (3.12.6) lib/puma/server.rb:706:in `handle_request'
puma (3.12.6) lib/puma/server.rb:476:in `process_client'
puma (3.12.6) lib/puma/server.rb:334:in `block in run'
puma (3.12.6) lib/puma/thread_pool.rb:135:in `block in spawn_thread'
Started GET "/artwork_shares" for 127.0.0.1 at 2020-10-29 15:09:35 -0700
Processing by ArtworkSharesController#index as */*
  [1m[36mArtworkShare Load (0.3ms)[0m  [1m[34mSELECT "artwork_shares".* FROM "artwork_shares"[0m
  ↳ app/controllers/artwork_shares_controller.rb:4
Completed 200 OK in 17ms (Views: 5.6ms | ActiveRecord: 7.6ms)


Started GET "/artworks/" for ::1 at 2020-10-29 15:38:20 -0700
  [1m[35m (2.2ms)[0m  [1m[34mSELECT "schema_migrations"."version" FROM "schema_migrations" ORDER BY "schema_migrations"."version" ASC[0m
  ↳ /Users/Izzi/.rbenv/versions/2.5.1/lib/ruby/gems/2.5.0/gems/activerecord-5.2.4.4/lib/active_record/log_subscriber.rb:98
Processing by ArtworksController#index as */*
  Parameters: {"user"=>{"name"=>{"\n"=>"vanessa"}}}
  [1m[36mArtwork Load (5.7ms)[0m  [1m[34mSELECT "artworks".* FROM "artworks"[0m
  ↳ app/controllers/artworks_controller.rb:11
Completed 200 OK in 152ms (Views: 46.6ms | ActiveRecord: 19.7ms)


Started GET "/artworks/?user_id=1" for ::1 at 2020-10-29 15:39:08 -0700
Processing by ArtworksController#index as */*
  Parameters: {"user"=>{"name"=>{"\n"=>"vanessa"}}, "user_id"=>"1"}
  [1m[36mArtwork Load (5.3ms)[0m  [1m[34mSELECT artworks.* FROM "artworks"[0m
  ↳ app/controllers/artworks_controller.rb:6
Completed 500 Internal Server Error in 10ms (ActiveRecord: 5.3ms)



TypeError - no implicit conversion of Symbol into String:
  app/controllers/artworks_controller.rb:6:in `index'

Started GET "/artworks/" for ::1 at 2020-10-29 16:23:38 -0700
  [1m[35m (0.8ms)[0m  [1m[34mSELECT "schema_migrations"."version" FROM "schema_migrations" ORDER BY "schema_migrations"."version" ASC[0m
  ↳ /Users/Izzi/.rbenv/versions/2.5.1/lib/ruby/gems/2.5.0/gems/activerecord-5.2.4.4/lib/active_record/log_subscriber.rb:98
Processing by ArtworksController#index as */*
  Parameters: {"user"=>{"name"=>{"\n"=>"vanessa"}}}
  [1m[36mArtwork Load (3.3ms)[0m  [1m[34mSELECT "artworks".* FROM "artworks"[0m
  ↳ app/controllers/artworks_controller.rb:13
Completed 200 OK in 193ms (Views: 29.4ms | ActiveRecord: 19.9ms)


Started GET "/users/1/artworks" for ::1 at 2020-10-29 16:23:59 -0700
Processing by ArtworksController#index as */*
  Parameters: {"user"=>{"name"=>{"\n"=>"vanessa"}}, "user_id"=>"1"}
  [1m[36mArtwork Load (0.5ms)[0m  [1m[34mSELECT artworks.* FROM "artworks"[0m
  ↳ app/controllers/artworks_controller.rb:8
Completed 500 Internal Server Error in 3ms (ActiveRecord: 0.5ms)



TypeError - no implicit conversion of Symbol into String:
  app/controllers/artworks_controller.rb:8:in `index'

Started GET "/users/1/artworks" for ::1 at 2020-10-29 16:24:24 -0700
Processing by ArtworksController#index as */*
  Parameters: {"user"=>{"name"=>{"\n"=>"vanessa"}}, "user_id"=>"1"}
  [1m[36mArtwork Load (1.4ms)[0m  [1m[34mSELECT "artworks".* FROM "artworks" WHERE "artworks"."artist_id" = $1[0m  [["artist_id", 1]]
  ↳ app/controllers/artworks_controller.rb:13
  [1m[36mArtwork Load (4.8ms)[0m  [1m[34mSELECT artworks.* FROM "artworks" INNER JOIN "artwork_shares" ON "artwork_shares"."artwork_id" = "artworks"."id" INNER JOIN "users" ON "users"."id" = "artwork_shares"."viewer_id" WHERE "users"."id" = $1[0m  [["id", "1"]]
  ↳ app/controllers/artworks_controller.rb:13
Completed 200 OK in 53ms (Views: 36.2ms | ActiveRecord: 9.2ms)


Started GET "/users/1/artworks" for ::1 at 2020-10-29 16:25:45 -0700
Processing by ArtworksController#index as */*
  Parameters: {"user"=>{"name"=>{"\n"=>"vanessa"}}, "user_id"=>"1"}
  [1m[36mArtwork Load (1.1ms)[0m  [1m[34mSELECT "artworks".* FROM "artworks" WHERE "artworks"."artist_id" = $1[0m  [["artist_id", 1]]
  ↳ app/controllers/artworks_controller.rb:13
  [1m[36mArtwork Load (2.2ms)[0m  [1m[34mSELECT artworks.* FROM "artworks" INNER JOIN "artwork_shares" ON "artwork_shares"."artwork_id" = "artworks"."id" INNER JOIN "users" ON "users"."id" = "artwork_shares"."viewer_id" WHERE "users"."id" = $1[0m  [["id", "1"]]
  ↳ app/controllers/artworks_controller.rb:13
Completed 200 OK in 31ms (Views: 16.1ms | ActiveRecord: 6.8ms)


Started GET "/users/1/artworks" for ::1 at 2020-10-29 16:26:10 -0700
  [1m[35m (0.8ms)[0m  [1m[34mSELECT "schema_migrations"."version" FROM "schema_migrations" ORDER BY "schema_migrations"."version" ASC[0m
  ↳ /Users/Izzi/.rbenv/versions/2.5.1/lib/ruby/gems/2.5.0/gems/activerecord-5.2.4.4/lib/active_record/log_subscriber.rb:98
Processing by ArtworksController#index as */*
  Parameters: {"user"=>{"name"=>{"\n"=>"vanessa"}}, "user_id"=>"1"}
  [1m[36mArtwork Load (1.3ms)[0m  [1m[34mSELECT  "artworks".* FROM "artworks" WHERE "artworks"."artist_id" = $1 LIMIT $2[0m  [["artist_id", 1], ["LIMIT", 11]]
  ↳ app/controllers/artworks_controller.rb:8
Started GET "/users/1/artworks" for ::1 at 2020-10-29 16:27:42 -0700
  [1m[35m (1.0ms)[0m  [1m[34mSELECT "schema_migrations"."version" FROM "schema_migrations" ORDER BY "schema_migrations"."version" ASC[0m
  ↳ /Users/Izzi/.rbenv/versions/2.5.1/lib/ruby/gems/2.5.0/gems/activerecord-5.2.4.4/lib/active_record/log_subscriber.rb:98
Processing by ArtworksController#index as */*
  Parameters: {"user"=>{"name"=>{"\n"=>"vanessa"}}, "user_id"=>"1"}
  [1m[36mArtwork Load (0.7ms)[0m  [1m[34mSELECT  "artworks".* FROM "artworks" WHERE "artworks"."artist_id" = $1 LIMIT $2[0m  [["artist_id", 1], ["LIMIT", 1]]
  ↳ app/controllers/artworks_controller.rb:6
  [1m[36mArtwork Load (1.5ms)[0m  [1m[34mSELECT  "artworks".* FROM "artworks" WHERE "artworks"."artist_id" = $1 LIMIT $2[0m  [["artist_id", 1], ["LIMIT", 11]]
  ↳ app/controllers/artworks_controller.rb:8
  [1m[36mArtwork Load (0.4ms)[0m  [1m[34mSELECT  "artworks".* FROM "artworks" WHERE "artworks"."artist_id" = $1 LIMIT $2[0m  [["artist_id", 1], ["LIMIT", 1]]
  ↳ (byebug):1
  [1m[36mArtwork Load (0.7ms)[0m  [1m[34mSELECT  "artworks".* FROM "artworks" LIMIT $1[0m  [["LIMIT", 11]]
  ↳ app/controllers/artworks_controller.rb:8
Started GET "/users/2/artworks" for ::1 at 2020-10-29 16:28:58 -0700
  [1m[35m (0.7ms)[0m  [1m[34mSELECT "schema_migrations"."version" FROM "schema_migrations" ORDER BY "schema_migrations"."version" ASC[0m
  ↳ /Users/Izzi/.rbenv/versions/2.5.1/lib/ruby/gems/2.5.0/gems/activerecord-5.2.4.4/lib/active_record/log_subscriber.rb:98
Processing by ArtworksController#index as */*
  Parameters: {"user"=>{"name"=>{"\n"=>"vanessa"}}, "user_id"=>"2"}
  [1m[36mArtwork Load (0.5ms)[0m  [1m[34mSELECT  "artworks".* FROM "artworks" WHERE "artworks"."artist_id" = $1 LIMIT $2[0m  [["artist_id", 2], ["LIMIT", 1]]
  ↳ app/controllers/artworks_controller.rb:6
  [1m[36mArtwork Load (2.6ms)[0m  [1m[34mSELECT artworks.* FROM "artworks" INNER JOIN "artwork_shares" ON "artwork_shares"."artwork_id" = "artworks"."id" INNER JOIN "users" ON "users"."id" = "artwork_shares"."viewer_id" WHERE "users"."id" = $1[0m  [["id", "2"]]
  ↳ app/controllers/artworks_controller.rb:14
Completed 200 OK in 109ms (Views: 43.4ms | ActiveRecord: 18.3ms)


Started GET "/users/3/artworks" for ::1 at 2020-10-29 16:29:14 -0700
Processing by ArtworksController#index as */*
  Parameters: {"user"=>{"name"=>{"\n"=>"vanessa"}}, "user_id"=>"3"}
  [1m[36mArtwork Load (0.8ms)[0m  [1m[34mSELECT  "artworks".* FROM "artworks" WHERE "artworks"."artist_id" = $1 LIMIT $2[0m  [["artist_id", 3], ["LIMIT", 1]]
  ↳ app/controllers/artworks_controller.rb:6
  [1m[36mArtwork Load (3.7ms)[0m  [1m[34mSELECT artworks.* FROM "artworks" INNER JOIN "artwork_shares" ON "artwork_shares"."artwork_id" = "artworks"."id" INNER JOIN "users" ON "users"."id" = "artwork_shares"."viewer_id" WHERE "users"."id" = $1[0m  [["id", "3"]]
  ↳ app/controllers/artworks_controller.rb:14
Completed 200 OK in 10ms (Views: 3.7ms | ActiveRecord: 4.5ms)


Started GET "/users/4/artworks" for ::1 at 2020-10-29 16:29:22 -0700
Processing by ArtworksController#index as */*
  Parameters: {"user"=>{"name"=>{"\n"=>"vanessa"}}, "user_id"=>"4"}
  [1m[36mArtwork Load (1.5ms)[0m  [1m[34mSELECT  "artworks".* FROM "artworks" WHERE "artworks"."artist_id" = $1 LIMIT $2[0m  [["artist_id", 4], ["LIMIT", 1]]
  ↳ app/controllers/artworks_controller.rb:6
  [1m[36mArtwork Load (2.4ms)[0m  [1m[34mSELECT artworks.* FROM "artworks" INNER JOIN "artwork_shares" ON "artwork_shares"."artwork_id" = "artworks"."id" INNER JOIN "users" ON "users"."id" = "artwork_shares"."viewer_id" WHERE "users"."id" = $1[0m  [["id", "4"]]
  ↳ app/controllers/artworks_controller.rb:14
Completed 200 OK in 9ms (Views: 2.9ms | ActiveRecord: 3.9ms)


Started GET "/users/5/artworks" for ::1 at 2020-10-29 16:29:38 -0700
Processing by ArtworksController#index as */*
  Parameters: {"user"=>{"name"=>{"\n"=>"vanessa"}}, "user_id"=>"5"}
  [1m[36mArtwork Load (4.2ms)[0m  [1m[34mSELECT  "artworks".* FROM "artworks" WHERE "artworks"."artist_id" = $1 LIMIT $2[0m  [["artist_id", 5], ["LIMIT", 1]]
  ↳ app/controllers/artworks_controller.rb:6
  [1m[36mArtwork Load (1.5ms)[0m  [1m[34mSELECT artworks.* FROM "artworks" INNER JOIN "artwork_shares" ON "artwork_shares"."artwork_id" = "artworks"."id" INNER JOIN "users" ON "users"."id" = "artwork_shares"."viewer_id" WHERE "users"."id" = $1[0m  [["id", "5"]]
  ↳ app/controllers/artworks_controller.rb:14
Completed 200 OK in 9ms (Views: 1.9ms | ActiveRecord: 5.6ms)


  [1m[35m (2.9ms)[0m  [1m[34mSELECT pg_try_advisory_lock(5974519626909234765)[0m
  ↳ bin/rails:9
  [1m[35m (0.7ms)[0m  [1m[34mSELECT "schema_migrations"."version" FROM "schema_migrations" ORDER BY "schema_migrations"."version" ASC[0m
  ↳ bin/rails:9
Migrating to CreateComments (20201029234753)
  [1m[35m (0.3ms)[0m  [1m[35mBEGIN[0m
  ↳ bin/rails:9
  [1m[35m (25.8ms)[0m  [1m[35mCREATE TABLE "comments" ("id" bigserial primary key, "user_id" integer NOT NULL, "artwork_id" integer NOT NULL, "created_at" timestamp NOT NULL, "updated_at" timestamp NOT NULL)[0m
  ↳ db/migrate/20201029234753_create_comments.rb:3
  [1m[35m (10.4ms)[0m  [1m[35mCREATE  INDEX  "index_comments_on_user_id" ON "comments"  ("user_id")[0m
  ↳ db/migrate/20201029234753_create_comments.rb:8
  [1m[35m (3.4ms)[0m  [1m[35mCREATE  INDEX  "index_comments_on_artwork_id" ON "comments"  ("artwork_id")[0m
  ↳ db/migrate/20201029234753_create_comments.rb:9
  [1m[36mActiveRecord::SchemaMigration Create (0.6ms)[0m  [1m[32mINSERT INTO "schema_migrations" ("version") VALUES ($1) RETURNING "version"[0m  [["version", "20201029234753"]]
  ↳ bin/rails:9
  [1m[35m (1.6ms)[0m  [1m[35mCOMMIT[0m
  ↳ bin/rails:9
  [1m[36mActiveRecord::InternalMetadata Load (1.9ms)[0m  [1m[34mSELECT  "ar_internal_metadata".* FROM "ar_internal_metadata" WHERE "ar_internal_metadata"."key" = $1 LIMIT $2[0m  [["key", "environment"], ["LIMIT", 1]]
  ↳ bin/rails:9
  [1m[35m (0.3ms)[0m  [1m[35mBEGIN[0m
  ↳ bin/rails:9
  [1m[35m (0.2ms)[0m  [1m[35mCOMMIT[0m
  ↳ bin/rails:9
  [1m[35m (0.3ms)[0m  [1m[34mSELECT pg_advisory_unlock(5974519626909234765)[0m
  ↳ bin/rails:9
  [1m[35m (0.2ms)[0m  [1m[34mSELECT "schema_migrations"."version" FROM "schema_migrations" ORDER BY "schema_migrations"."version" ASC[0m
  ↳ bin/rails:9
